
<!DOCTYPE html PUBLIC "-//W3C//DTD XHTML 1.0 Transitional//EN" "http://www.w3.org/TR/xhtml1/DTD/xhtml1-transitional.dtd">
<html xml:lang="en" lang="en">
	<head>
		<meta http-equiv="content-type" content="text/html; charset=UTF-8" />
		<title>All Classes</title>
		<link rel="stylesheet" type="text/css" href="stylesheet.css" title="style" />
    </head>
    <body>

		<h3>All Classes</h3>

		<ul>
						<li>
				<a href="org/junit/tests/experimental/categories/JavadocTest.html" target="classFrame">A</a>
			</li>
						<li>
				<a href="org/junit/tests/junit3compatibility/ForwardCompatibilityPrintingTest.html" target="classFrame">ATest</a>
			</li>
						<li>
				<a href="org/junit/runner/notification/ConcurrentRunNotifierTest.html" target="classFrame">AbstractConcurrentFailuresTest</a>
			</li>
						<li>
				<a href="org/junit/rules/DisableOnDebugTest.html" target="classFrame">AbstractDisableOnDebugTest</a>
			</li>
						<li>
				<a href="org/junit/rules/StopwatchTest.html" target="classFrame">AbstractStopwatchTest</a>
			</li>
						<li>
				<a href="org/junit/tests/experimental/rules/TimeoutRuleTest.html" target="classFrame">AbstractTimeoutTest</a>
			</li>
						<li>
				<a href="junit/tests/extensions/ActiveTestTest.html" target="classFrame">ActiveTestTest</a>
			</li>
						<li>
				<a href="org/junit/tests/running/classes/ClassLevelMethodsWithIgnoredTestsTest.html" target="classFrame">AfterClassWithIgnoredTest</a>
			</li>
						<li>
				<a href="org/junit/tests/running/classes/SuiteTest.html" target="classFrame">All</a>
			</li>
						<li>
				<a href="org/junit/tests/experimental/categories/CategoryTest.html" target="classFrame">AllIncludedMustBeMatchedSuite</a>
			</li>
						<li>
				<a href="org/junit/tests/experimental/categories/CategoryTest.html" target="classFrame">AllIncludedMustMatched</a>
			</li>
						<li>
				<a href="org/junit/tests/junit3compatibility/AllTestsTest.html" target="classFrame">AllJUnit4</a>
			</li>
						<li>
				<a href="org/junit/tests/experimental/theories/internal/AllMembersSupplierTest.html" target="classFrame">AllMembersSupplierTest</a>
			</li>
						<li>
				<a href="junit/tests/framework/AllTests.html" target="classFrame">AllTests</a>
			</li>
						<li>
				<a href="org/junit/tests/junit3compatibility/AllTestsTest.html" target="classFrame">AllTestsTest</a>
			</li>
						<li>
				<a href="org/junit/tests/running/classes/SuiteTest.html" target="classFrame">AllWithBeforeAndAfterClass</a>
			</li>
						<li>
				<a href="org/junit/tests/running/classes/UseSuiteAsASuperclassTest.html" target="classFrame">AllWithMySuite</a>
			</li>
						<li>
				<a href="org/junit/tests/running/classes/SuiteTest.html" target="classFrame">AllWithOutAnnotation</a>
			</li>
						<li>
				<a href="org/junit/tests/experimental/categories/CategoryTest.html" target="classFrame">Ancestor</a>
			</li>
						<li>
				<a href="org/junit/internal/builders/AnnotatedBuilderTest.html" target="classFrame">AnnotatedBuilderTest</a>
			</li>
						<li>
				<a href="org/junit/tests/description/AnnotatedDescriptionTest.html" target="classFrame">AnnotatedClass</a>
			</li>
						<li>
				<a href="org/junit/tests/description/AnnotatedDescriptionTest.html" target="classFrame">AnnotatedDescriptionTest</a>
			</li>
						<li>
				<a href="org/junit/tests/junit3compatibility/JUnit38ClassRunnerTest.html" target="classFrame">AnnotatedTest</a>
			</li>
						<li>
				<a href="org/junit/tests/running/methods/AnnotationTest.html" target="classFrame">AnnotationTest</a>
			</li>
						<li>
				<a href="org/junit/validator/AnnotationsValidatorTest.html" target="classFrame">AnnotationValidatorClassTest</a>
			</li>
						<li>
				<a href="org/junit/validator/AnnotationValidatorFactoryTest.html" target="classFrame">AnnotationValidatorFactoryTest</a>
			</li>
						<li>
				<a href="org/junit/validator/AnnotationsValidatorTest.html" target="classFrame">AnnotationValidatorFieldTest</a>
			</li>
						<li>
				<a href="org/junit/validator/AnnotationsValidatorTest.html" target="classFrame">AnnotationValidatorMethodTest</a>
			</li>
						<li>
				<a href="org/junit/validator/AnnotationsValidatorTest.html" target="classFrame">AnnotationsValidatorTest</a>
			</li>
						<li>
				<a href="org/junit/runners/parameterized/TestWithParametersTest.html" target="classFrame">AnotherDummyClass</a>
			</li>
						<li>
				<a href="junit/tests/framework/AssertTest.html" target="classFrame">AssertTest</a>
			</li>
						<li>
				<a href="org/junit/tests/running/classes/ParentRunnerTest.html" target="classFrame">AssertionErrorAtParentLevelTest</a>
			</li>
						<li>
				<a href="junit/tests/framework/AssertionFailedErrorTest.html" target="classFrame">AssertionFailedErrorTest</a>
			</li>
						<li>
				<a href="org/junit/tests/assertion/AssertionTest.html" target="classFrame">AssertionTest</a>
			</li>
						<li>
				<a href="org/junit/tests/experimental/theories/AssumingInTheoriesTest.html" target="classFrame">AssumingInTheoriesTest</a>
			</li>
						<li>
				<a href="org/junit/tests/experimental/AssumptionTest.html" target="classFrame">AssumptionFailureInConstructor</a>
			</li>
						<li>
				<a href="org/junit/tests/experimental/AssumptionTest.html" target="classFrame">AssumptionTest</a>
			</li>
						<li>
				<a href="org/junit/tests/running/classes/ParentRunnerTest.html" target="classFrame">AssumptionViolatedAtParentLevelTest</a>
			</li>
						<li>
				<a href="org/junit/AssumptionViolatedExceptionTest.html" target="classFrame">AssumptionViolatedExceptionTest</a>
			</li>
						<li>
				<a href="org/junit/tests/experimental/theories/runner/WhenNoParametersMatch.html" target="classFrame">AssumptionsFail</a>
			</li>
						<li>
				<a href="org/junit/tests/experimental/categories/JavadocTest.html" target="classFrame">B</a>
			</li>
						<li>
				<a href="org/junit/tests/running/classes/ParameterizedTestTest.html" target="classFrame">BadIndexForAnnotatedFieldTest</a>
			</li>
						<li>
				<a href="org/junit/tests/running/classes/ParameterizedTestTest.html" target="classFrame">BadNumberOfAnnotatedFieldTest</a>
			</li>
						<li>
				<a href="org/junit/tests/running/classes/RunWithTest.html" target="classFrame">BadRunner</a>
			</li>
						<li>
				<a href="org/junit/tests/junit3compatibility/AllTestsTest.html" target="classFrame">BadSuiteMethod</a>
			</li>
						<li>
				<a href="junit/tests/runner/BaseTestRunnerTest.html" target="classFrame">BaseTestRunnerTest</a>
			</li>
						<li>
				<a href="org/junit/tests/running/classes/ParameterizedTestTest.html" target="classFrame">BeforeAndAfter</a>
			</li>
						<li>
				<a href="org/junit/tests/experimental/theories/runner/SuccessfulWithDataPointFields.html" target="classFrame">BeforeAndAfterEachTime</a>
			</li>
						<li>
				<a href="org/junit/tests/experimental/theories/runner/SuccessfulWithDataPointFields.html" target="classFrame">BeforeAndAfterOnSameInstance</a>
			</li>
						<li>
				<a href="org/junit/tests/experimental/rules/NameRulesTest.html" target="classFrame">BeforeAndAfterTest</a>
			</li>
						<li>
				<a href="org/junit/tests/junit3compatibility/ForwardCompatibilityTest.html" target="classFrame">BeforeClassTest</a>
			</li>
						<li>
				<a href="org/junit/tests/running/classes/ClassLevelMethodsWithIgnoredTestsTest.html" target="classFrame">BeforeClassWithFilteredTest</a>
			</li>
						<li>
				<a href="org/junit/tests/running/classes/ClassLevelMethodsWithIgnoredTestsTest.html" target="classFrame">BeforeClassWithIgnoredClass</a>
			</li>
						<li>
				<a href="org/junit/tests/running/classes/ClassLevelMethodsWithIgnoredTestsTest.html" target="classFrame">BeforeClassWithIgnoredTest</a>
			</li>
						<li>
				<a href="org/junit/tests/experimental/rules/MethodRulesTest.html" target="classFrame">BeforesAndAfters</a>
			</li>
						<li>
				<a href="org/junit/tests/running/classes/SuiteTest.html" target="classFrame">BiInfiniteLoop</a>
			</li>
						<li>
				<a href="org/junit/tests/experimental/rules/BlockJUnit4ClassRunnerOverrideTest.html" target="classFrame">BlockJUnit4ClassRunnerOverrideTest</a>
			</li>
						<li>
				<a href="org/junit/tests/running/classes/BlockJUnit4ClassRunnerTest.html" target="classFrame">BlockJUnit4ClassRunnerTest</a>
			</li>
						<li>
				<a href="org/junit/tests/experimental/rules/TestRuleTest.html" target="classFrame">BothKindsOfRule</a>
			</li>
						<li>
				<a href="org/junit/tests/running/classes/ClassLevelMethodsWithIgnoredTestsTest.html" target="classFrame">BrokenRule</a>
			</li>
						<li>
				<a href="org/junit/tests/experimental/categories/MultiCategoryTest.html" target="classFrame">C</a>
			</li>
						<li>
				<a href="org/junit/tests/experimental/rules/TestRuleTest.html" target="classFrame">CallMethodOnlyOnceRule</a>
			</li>
						<li>
				<a href="org/junit/tests/validation/FailedConstructionTest.html" target="classFrame">CantConstruct</a>
			</li>
						<li>
				<a href="org/junit/tests/junit3compatibility/InitializationErrorForwardCompatibilityTest.html" target="classFrame">CantInitialize</a>
			</li>
						<li>
				<a href="org/junit/tests/junit3compatibility/InitializationErrorForwardCompatibilityTest.html" target="classFrame">CantInitializeTests</a>
			</li>
						<li>
				<a href="org/junit/tests/experimental/categories/CategoriesAndParameterizedTest.html" target="classFrame">CategoriesAndParameterizedTest</a>
			</li>
						<li>
				<a href="org/junit/tests/experimental/categories/MultiCategoryTest.html" target="classFrame">CategoriesTest</a>
			</li>
						<li>
				<a href="org/junit/tests/experimental/categories/CategoryTest.html" target="classFrame">Category1</a>
			</li>
						<li>
				<a href="org/junit/tests/experimental/categories/CategoryTest.html" target="classFrame">Category2</a>
			</li>
						<li>
				<a href="org/junit/experimental/categories/CategoryFilterFactoryTest.html" target="classFrame">CategoryFilterFactoryStub</a>
			</li>
						<li>
				<a href="org/junit/experimental/categories/CategoryFilterFactoryTest.html" target="classFrame">CategoryFilterFactoryTest</a>
			</li>
						<li>
				<a href="org/junit/tests/experimental/categories/CategoryValidatorTest.html" target="classFrame">CategoryTest</a>
			</li>
						<li>
				<a href="org/junit/tests/experimental/categories/CategoryValidatorTest.html" target="classFrame">CategoryValidatorTest</a>
			</li>
						<li>
				<a href="org/junit/tests/experimental/categories/CategoryTest.html" target="classFrame">ChooseSlowFromBoth</a>
			</li>
						<li>
				<a href="org/junit/tests/experimental/categories/CategoryTest.html" target="classFrame">ClassAsCategory</a>
			</li>
						<li>
				<a href="org/junit/tests/running/classes/ClassLevelMethodsWithIgnoredTestsTest.html" target="classFrame">ClassLevelMethodsWithIgnoredTestsTest</a>
			</li>
						<li>
				<a href="org/junit/tests/junit3compatibility/ClassRequestTest.html" target="classFrame">ClassRequestTest</a>
			</li>
						<li>
				<a href="org/junit/tests/running/classes/ClassLevelMethodsWithIgnoredTestsTest.html" target="classFrame">ClassRuleWithIgnoredTest</a>
			</li>
						<li>
				<a href="org/junit/tests/experimental/rules/ClassRulesTest.html" target="classFrame">ClassRulesTest</a>
			</li>
						<li>
				<a href="org/junit/runners/model/FrameworkFieldTest.html" target="classFrame">ClassWithDummyField</a>
			</li>
						<li>
				<a href="org/junit/runners/model/FrameworkMethodTest.html" target="classFrame">ClassWithDummyMethod</a>
			</li>
						<li>
				<a href="org/junit/tests/junit3compatibility/JUnit38ClassRunnerTest.html" target="classFrame">ClassWithInvalidMethod</a>
			</li>
						<li>
				<a href="org/junit/tests/running/core/CommandLineTest.html" target="classFrame">CommandLineTest</a>
			</li>
						<li>
				<a href="junit/tests/framework/ComparisonCompactorTest.html" target="classFrame">ComparisonCompactorTest</a>
			</li>
						<li>
				<a href="junit/tests/framework/ComparisonFailureTest.html" target="classFrame">ComparisonFailureTest</a>
			</li>
						<li>
				<a href="org/junit/tests/junit3compatibility/SuiteMethodTest.html" target="classFrame">CompatibilityTest</a>
			</li>
						<li>
				<a href="org/junit/runner/notification/ConcurrentRunNotifierTest.html" target="classFrame">ConcurrentRunListener</a>
			</li>
						<li>
				<a href="org/junit/runner/notification/ConcurrentRunNotifierTest.html" target="classFrame">ConcurrentRunNotifierTest</a>
			</li>
						<li>
				<a href="org/junit/tests/running/methods/TestMethodTest.html" target="classFrame">Confused</a>
			</li>
						<li>
				<a href="org/junit/tests/running/methods/TestMethodTest.html" target="classFrame">ConstructorParameter</a>
			</li>
						<li>
				<a href="org/junit/tests/experimental/theories/extendingwithstubs/Correspondent.html" target="classFrame">Correspondent</a>
			</li>
						<li>
				<a href="org/junit/runner/notification/RunNotifierTest.html" target="classFrame">CorruptListener</a>
			</li>
						<li>
				<a href="org/junit/tests/running/core/CommandLineTest.html" target="classFrame">Count</a>
			</li>
						<li>
				<a href="org/junit/tests/experimental/rules/ClassRulesTest.html" target="classFrame">Counter</a>
			</li>
						<li>
				<a href="org/junit/tests/running/classes/ParentRunnerFilteringTest.html" target="classFrame">CountingFilter</a>
			</li>
						<li>
				<a href="org/junit/runner/notification/RunNotifierTest.html" target="classFrame">CountingListener</a>
			</li>
						<li>
				<a href="org/junit/tests/running/classes/ParentRunnerTest.html" target="classFrame">CountingRunListener</a>
			</li>
						<li>
				<a href="org/junit/tests/experimental/rules/TempFolderRuleTest.html" target="classFrame">CreatesRandomFiles</a>
			</li>
						<li>
				<a href="org/junit/tests/experimental/rules/TempFolderRuleTest.html" target="classFrame">CreatesRandomSubFolders</a>
			</li>
						<li>
				<a href="org/junit/tests/experimental/rules/TempFolderRuleTest.html" target="classFrame">CreatesSubFolder</a>
			</li>
						<li>
				<a href="org/junit/tests/experimental/rules/ClassRulesTest.html" target="classFrame">CustomCounter</a>
			</li>
						<li>
				<a href="org/junit/tests/experimental/rules/MethodRulesTest.html" target="classFrame">CustomTestName</a>
			</li>
						<li>
				<a href="org/junit/tests/experimental/theories/runner/WithExtendedParameterSources.html" target="classFrame">DataPointArrayMethod</a>
			</li>
						<li>
				<a href="org/junit/tests/experimental/theories/runner/WithExtendedParameterSources.html" target="classFrame">DataPointArrayToBeUsedForWholeParameter</a>
			</li>
						<li>
				<a href="org/junit/tests/experimental/theories/runner/WithExtendedParameterSources.html" target="classFrame">DataPointArrays</a>
			</li>
						<li>
				<a href="org/junit/tests/experimental/theories/runner/UnsuccessfulWithDataPointFields.html" target="classFrame">DataPointFieldsMustBePublic</a>
			</li>
						<li>
				<a href="org/junit/tests/experimental/theories/runner/UnsuccessfulWithDataPointFields.html" target="classFrame">DataPointFieldsMustBeStatic</a>
			</li>
						<li>
				<a href="org/junit/tests/experimental/theories/runner/WithExtendedParameterSources.html" target="classFrame">DataPointMalformedArrayMethods</a>
			</li>
						<li>
				<a href="org/junit/tests/experimental/theories/runner/WithDataPointMethod.html" target="classFrame">DataPointMethodReturnsMutableObject</a>
			</li>
						<li>
				<a href="org/junit/tests/experimental/theories/runner/UnsuccessfulWithDataPointFields.html" target="classFrame">DataPointMethodsMustBePublic</a>
			</li>
						<li>
				<a href="org/junit/tests/experimental/theories/runner/UnsuccessfulWithDataPointFields.html" target="classFrame">DataPointMethodsMustBeStatic</a>
			</li>
						<li>
				<a href="org/junit/tests/junit3compatibility/JUnit38ClassRunnerTest.html" target="classFrame">DerivedAnnotatedMethod</a>
			</li>
						<li>
				<a href="org/junit/tests/experimental/max/DescriptionTest.html" target="classFrame">DescriptionTest</a>
			</li>
						<li>
				<a href="org/junit/tests/experimental/theories/runner/SuccessfulWithDataPointFields.html" target="classFrame">DifferentTypesInConstructor</a>
			</li>
						<li>
				<a href="org/junit/rules/DisableOnDebugTest.html" target="classFrame">DisableOnDebugTest</a>
			</li>
						<li>
				<a href="junit/tests/runner/BaseTestRunnerTest.html" target="classFrame">DoesntExtendTestCase</a>
			</li>
						<li>
				<a href="org/junit/tests/experimental/theories/runner/UnsuccessfulWithDataPointFields.html" target="classFrame">DoesntUseParams</a>
			</li>
						<li>
				<a href="junit/tests/framework/DoublePrecisionAssertTest.html" target="classFrame">DoublePrecisionAssertTest</a>
			</li>
						<li>
				<a href="junit/tests/framework/TestImplementorTest.html" target="classFrame">DoubleTestCase</a>
			</li>
						<li>
				<a href="org/junit/tests/experimental/rules/TestRuleTest.html" target="classFrame">Dummy</a>
			</li>
						<li>
				<a href="org/junit/runner/FilterFactoriesTest.html" target="classFrame">DummyCategory</a>
			</li>
						<li>
				<a href="org/junit/runner/JUnitCommandLineParseResultTest.html" target="classFrame">DummyCategory0</a>
			</li>
						<li>
				<a href="org/junit/runner/FilterOptionIntegrationTest.html" target="classFrame">DummyCategory1</a>
			</li>
						<li>
				<a href="org/junit/runners/parameterized/TestWithParametersTest.html" target="classFrame">DummyClass</a>
			</li>
						<li>
				<a href="org/junit/runner/FilterFactoriesTest.html" target="classFrame">DummyFilter</a>
			</li>
						<li>
				<a href="org/junit/internal/MethodSorterTest.html" target="classFrame">DummySortJvm</a>
			</li>
						<li>
				<a href="org/junit/internal/MethodSorterTest.html" target="classFrame">DummySortWithDefault</a>
			</li>
						<li>
				<a href="org/junit/internal/MethodSorterTest.html" target="classFrame">DummySortWithNameAsc</a>
			</li>
						<li>
				<a href="org/junit/internal/MethodSorterTest.html" target="classFrame">DummySortWithoutAnnotation</a>
			</li>
						<li>
				<a href="org/junit/runner/FilterFactoriesTest.html" target="classFrame">DummySuite</a>
			</li>
						<li>
				<a href="org/junit/runner/JUnitCommandLineParseResultTest.html" target="classFrame">DummyTest</a>
			</li>
						<li>
				<a href="org/junit/runner/FilterOptionIntegrationTest.html" target="classFrame">DummyTestClass</a>
			</li>
						<li>
				<a href="org/junit/runner/FilterOptionIntegrationTest.html" target="classFrame">DummyTestClass0</a>
			</li>
						<li>
				<a href="org/junit/runner/FilterOptionIntegrationTest.html" target="classFrame">DummyTestClass01</a>
			</li>
						<li>
				<a href="org/junit/runner/FilterOptionIntegrationTest.html" target="classFrame">DummyTestClass0TestMethod1</a>
			</li>
						<li>
				<a href="org/junit/runner/FilterOptionIntegrationTest.html" target="classFrame">DummyTestClass1</a>
			</li>
						<li>
				<a href="org/junit/rules/StopwatchTest.html" target="classFrame">DurationAfterTestTest</a>
			</li>
						<li>
				<a href="org/junit/rules/StopwatchTest.html" target="classFrame">DurationDuringTestTest</a>
			</li>
						<li>
				<a href="org/junit/tests/experimental/theories/runner/WithAutoGeneratedDataPoints.html" target="classFrame">ENUM</a>
			</li>
						<li>
				<a href="org/junit/tests/running/classes/RunWithTest.html" target="classFrame">Empty</a>
			</li>
						<li>
				<a href="org/junit/tests/experimental/categories/CategoryTest.html" target="classFrame">EmptyCategoriesSuite</a>
			</li>
						<li>
				<a href="org/junit/tests/running/classes/ParameterizedTestTest.html" target="classFrame">EmptyTest</a>
			</li>
						<li>
				<a href="org/junit/tests/experimental/rules/ExpectedExceptionTest.html" target="classFrame">EmptyTestExpectingNoException</a>
			</li>
						<li>
				<a href="org/junit/tests/running/classes/BlockJUnit4ClassRunnerTest.html" target="classFrame">Enclosed</a>
			</li>
						<li>
				<a href="org/junit/tests/running/classes/EnclosedTest.html" target="classFrame">EnclosedTest</a>
			</li>
						<li>
				<a href="org/junit/tests/manipulation/SortableTest.html" target="classFrame">Enclosing</a>
			</li>
						<li>
				<a href="org/junit/tests/running/methods/AnnotationTest.html" target="classFrame">ErrorInAfterClass</a>
			</li>
						<li>
				<a href="org/junit/tests/running/methods/AnnotationTest.html" target="classFrame">ErrorInBeforeClass</a>
			</li>
						<li>
				<a href="org/junit/tests/listening/TestListenerTest.html" target="classFrame">ErrorListener</a>
			</li>
						<li>
				<a href="org/junit/tests/junit3compatibility/InitializationErrorForwardCompatibilityTest.html" target="classFrame">ErrorRememberingListener</a>
			</li>
						<li>
				<a href="org/junit/tests/internal/runners/ErrorReportingRunnerTest.html" target="classFrame">ErrorReportingRunnerTest</a>
			</li>
						<li>
				<a href="org/junit/tests/listening/TextListenerTest.html" target="classFrame">ErrorTest</a>
			</li>
						<li>
				<a href="org/junit/tests/experimental/theories/runner/WithOnlyTestAnnotations.html" target="classFrame">ErrorWhenTestHasParametersDespiteTheories</a>
			</li>
						<li>
				<a href="org/junit/tests/experimental/rules/EventCollector.html" target="classFrame">EventCollector</a>
			</li>
						<li>
				<a href="org/junit/tests/running/methods/TestMethodTest.html" target="classFrame">EverythingWrong</a>
			</li>
						<li>
				<a href="org/junit/runner/notification/ConcurrentRunNotifierTest.html" target="classFrame">ExaminedListener</a>
			</li>
						<li>
				<a href="org/junit/tests/experimental/parallel/ParallelMethodTest.html" target="classFrame">Example</a>
			</li>
						<li>
				<a href="org/junit/tests/experimental/parallel/ParallelClassTest.html" target="classFrame">Example1</a>
			</li>
						<li>
				<a href="org/junit/tests/experimental/parallel/ParallelClassTest.html" target="classFrame">Example2</a>
			</li>
						<li>
				<a href="org/junit/validator/AnnotationsValidatorTest.html" target="classFrame">ExampleAnnotationValidator</a>
			</li>
						<li>
				<a href="org/junit/validator/AnnotationsValidatorTest.html" target="classFrame">ExampleAnnotationWithValidator</a>
			</li>
						<li>
				<a href="org/junit/tests/running/classes/RunWithTest.html" target="classFrame">ExampleRunner</a>
			</li>
						<li>
				<a href="org/junit/tests/running/classes/ParentRunnerFilteringTest.html" target="classFrame">ExampleSuite</a>
			</li>
						<li>
				<a href="org/junit/tests/running/classes/ParentRunnerFilteringTest.html" target="classFrame">ExampleSuiteWithUnmodifyableChildList</a>
			</li>
						<li>
				<a href="org/junit/tests/listening/RunnerTest.html" target="classFrame">ExampleTest</a>
			</li>
						<li>
				<a href="org/junit/tests/experimental/rules/ClassRulesTest.html" target="classFrame">ExampleTestWithClassRule</a>
			</li>
						<li>
				<a href="org/junit/tests/experimental/rules/ClassRulesTest.html" target="classFrame">ExampleTestWithCustomClassRule</a>
			</li>
						<li>
				<a href="org/junit/tests/junit3compatibility/ForwardCompatibilityTest.html" target="classFrame">ExceptionInBeforeTest</a>
			</li>
						<li>
				<a href="org/junit/tests/listening/TestListenerTest.html" target="classFrame">ExceptionListener</a>
			</li>
						<li>
				<a href="org/junit/tests/running/methods/AnnotationTest.html" target="classFrame">ExceptionTest</a>
			</li>
						<li>
				<a href="org/junit/tests/running/classes/ParameterizedTestTest.html" target="classFrame">ExceptionThrowingRunnerFactory</a>
			</li>
						<li>
				<a href="org/junit/tests/running/classes/ParentRunnerTest.html" target="classFrame">Exclude</a>
			</li>
						<li>
				<a href="org/junit/tests/experimental/categories/CategoryTest.html" target="classFrame">ExcludedTest1</a>
			</li>
						<li>
				<a href="org/junit/tests/experimental/categories/CategoryTest.html" target="classFrame">ExcludedTest2</a>
			</li>
						<li>
				<a href="org/junit/tests/running/core/SystemExitTest.html" target="classFrame">Exit</a>
			</li>
						<li>
				<a href="org/junit/tests/running/core/MainRunner.html" target="classFrame">ExitException</a>
			</li>
						<li>
				<a href="org/junit/tests/experimental/rules/ExpectedExceptionTest.html" target="classFrame">ExpectAssertionErrorWhichIsNotThrown</a>
			</li>
						<li>
				<a href="org/junit/tests/running/methods/ExpectedTest.html" target="classFrame">ExpectSuperclass</a>
			</li>
						<li>
				<a href="org/junit/tests/running/methods/ExpectedTest.html" target="classFrame">Expected</a>
			</li>
						<li>
				<a href="org/junit/tests/assertion/MultipleFailureExceptionTest.html" target="classFrame">ExpectedException</a>
			</li>
						<li>
				<a href="org/junit/tests/experimental/rules/ExpectedExceptionTest.html" target="classFrame">ExpectedExceptionTest</a>
			</li>
						<li>
				<a href="org/junit/tests/experimental/rules/ExpectedExceptionTest.html" target="classFrame">ExpectedMessageMatcherFails</a>
			</li>
						<li>
				<a href="org/junit/tests/running/methods/ExpectedTest.html" target="classFrame">ExpectedTest</a>
			</li>
						<li>
				<a href="org/junit/tests/experimental/rules/ExpectedExceptionTest.html" target="classFrame">ExpectsMatcher</a>
			</li>
						<li>
				<a href="org/junit/tests/experimental/rules/ExpectedExceptionTest.html" target="classFrame">ExpectsMessageMatcher</a>
			</li>
						<li>
				<a href="org/junit/tests/experimental/rules/ExpectedExceptionTest.html" target="classFrame">ExpectsMultipleMatchers</a>
			</li>
						<li>
				<a href="org/junit/tests/experimental/rules/ExpectedExceptionTest.html" target="classFrame">ExpectsSubstring</a>
			</li>
						<li>
				<a href="org/junit/tests/experimental/rules/ExpectedExceptionTest.html" target="classFrame">ExpectsSubstringNullMessage</a>
			</li>
						<li>
				<a href="org/junit/tests/experimental/ExperimentalTests.html" target="classFrame">ExperimentalTests</a>
			</li>
						<li>
				<a href="junit/tests/extensions/ExtensionTest.html" target="classFrame">ExtensionTest</a>
			</li>
						<li>
				<a href="org/junit/tests/experimental/rules/ExternalResourceRuleTest.html" target="classFrame">ExternalResourceRuleTest</a>
			</li>
						<li>
				<a href="org/junit/tests/running/core/JUnitCoreReturnsCorrectExitCodeTest.html" target="classFrame">Fail</a>
			</li>
						<li>
				<a href="org/junit/tests/experimental/rules/ExpectedExceptionTest.html" target="classFrame">FailBeforeExpectingException</a>
			</li>
						<li>
				<a href="org/junit/rules/DisableOnDebugTest.html" target="classFrame">FailOnExecution</a>
			</li>
						<li>
				<a href="org/junit/tests/internal/runners/statements/FailOnTimeoutTest.html" target="classFrame">FailOnTimeoutTest</a>
			</li>
						<li>
				<a href="org/junit/tests/experimental/rules/ExpectedExceptionTest.html" target="classFrame">FailedAssumptionAndExpectException</a>
			</li>
						<li>
				<a href="org/junit/tests/validation/FailedConstructionTest.html" target="classFrame">FailedConstructionTest</a>
			</li>
						<li>
				<a href="org/junit/rules/StopwatchTest.html" target="classFrame">FailedTest</a>
			</li>
						<li>
				<a href="org/junit/tests/experimental/theories/runner/FailingDataPointMethods.html" target="classFrame">FailingDataPointMethods</a>
			</li>
						<li>
				<a href="org/junit/tests/experimental/rules/TestWatcherTest.html" target="classFrame">FailingTest</a>
			</li>
						<li>
				<a href="junit/tests/framework/Failure.html" target="classFrame">Failure</a>
			</li>
						<li>
				<a href="org/junit/runner/notification/RunNotifierTest.html" target="classFrame">FailureListener</a>
			</li>
						<li>
				<a href="org/junit/tests/running/methods/AnnotationTest.html" target="classFrame">FailureTest</a>
			</li>
						<li>
				<a href="org/junit/tests/running/methods/TimeoutTest.html" target="classFrame">FailureWithTimeoutRunTimeExceptionTest</a>
			</li>
						<li>
				<a href="org/junit/tests/running/methods/TimeoutTest.html" target="classFrame">FailureWithTimeoutTest</a>
			</li>
						<li>
				<a href="org/junit/tests/experimental/categories/JavadocTest.html" target="classFrame">FastOrSmokeTestSuite</a>
			</li>
						<li>
				<a href="org/junit/tests/experimental/categories/JavadocTest.html" target="classFrame">FastTests</a>
			</li>
						<li>
				<a href="org/junit/tests/running/classes/ParameterizedTestTest.html" target="classFrame">FibonacciTest</a>
			</li>
						<li>
				<a href="org/junit/tests/running/classes/ParameterizedTestTest.html" target="classFrame">FibonacciTestWithArray</a>
			</li>
						<li>
				<a href="org/junit/tests/running/classes/ParameterizedTestTest.html" target="classFrame">FibonacciWithParameterizedFieldTest</a>
			</li>
						<li>
				<a href="org/junit/runners/model/TestClassTest.html" target="classFrame">FieldAnnotated</a>
			</li>
						<li>
				<a href="org/junit/runner/FilterFactoriesTest.html" target="classFrame">FilterFactoriesTest</a>
			</li>
						<li>
				<a href="org/junit/runner/JUnitCommandLineParseResultTest.html" target="classFrame">FilterFactoryStub</a>
			</li>
						<li>
				<a href="org/junit/runner/FilterOptionIntegrationTest.html" target="classFrame">FilterOptionIntegrationTest</a>
			</li>
						<li>
				<a href="org/junit/tests/manipulation/FilterTest.html" target="classFrame">FilterTest</a>
			</li>
						<li>
				<a href="org/junit/tests/manipulation/FilterableTest.html" target="classFrame">FilterableTest</a>
			</li>
						<li>
				<a href="org/junit/tests/manipulation/FilterableTest.html" target="classFrame">FilteredRunner</a>
			</li>
						<li>
				<a href="org/junit/tests/manipulation/FilterableTest.html" target="classFrame">FilteredTest</a>
			</li>
						<li>
				<a href="org/junit/tests/running/classes/ClassLevelMethodsWithIgnoredTestsTest.html" target="classFrame">FilteredTests</a>
			</li>
						<li>
				<a href="org/junit/tests/experimental/rules/BlockJUnit4ClassRunnerOverrideTest.html" target="classFrame">FlipBitRule</a>
			</li>
						<li>
				<a href="junit/tests/framework/FloatAssertTest.html" target="classFrame">FloatAssertTest</a>
			</li>
						<li>
				<a href="org/junit/tests/junit3compatibility/ForwardCompatibilityPrintingTest.html" target="classFrame">ForwardCompatibilityPrintingTest</a>
			</li>
						<li>
				<a href="org/junit/tests/junit3compatibility/ForwardCompatibilityTest.html" target="classFrame">ForwardCompatibilityTest</a>
			</li>
						<li>
				<a href="org/junit/runners/model/FrameworkFieldTest.html" target="classFrame">FrameworkFieldTest</a>
			</li>
						<li>
				<a href="org/junit/runners/model/FrameworkMethodTest.html" target="classFrame">FrameworkMethodTest</a>
			</li>
						<li>
				<a href="org/junit/tests/running/classes/ParentRunnerTest.html" target="classFrame">FruitTest</a>
			</li>
						<li>
				<a href="org/junit/tests/experimental/theories/extendingwithstubs/Guesser.html" target="classFrame">GuessMap</a>
			</li>
						<li>
				<a href="org/junit/tests/experimental/theories/extendingwithstubs/Guesser.html" target="classFrame">Guesser</a>
			</li>
						<li>
				<a href="org/junit/tests/experimental/theories/extendingwithstubs/GuesserQueue.html" target="classFrame">GuesserQueue</a>
			</li>
						<li>
				<a href="org/junit/tests/experimental/max/MaxStarterTest.html" target="classFrame">HalfMalformedJUnit38TestMethod</a>
			</li>
						<li>
				<a href="org/junit/tests/experimental/theories/runner/UnsuccessfulWithDataPointFields.html" target="classFrame">HasAFailingTheory</a>
			</li>
						<li>
				<a href="org/junit/tests/experimental/theories/runner/SuccessfulWithDataPointFields.html" target="classFrame">HasATwoParameterTheory</a>
			</li>
						<li>
				<a href="org/junit/tests/experimental/AssumptionTest.html" target="classFrame">HasAssumeWithMessage</a>
			</li>
						<li>
				<a href="org/junit/tests/experimental/AssumptionTest.html" target="classFrame">HasAssumeWithMessageAndCause</a>
			</li>
						<li>
				<a href="org/junit/tests/experimental/theories/runner/WithDataPointMethod.html" target="classFrame">HasDataPointMethod</a>
			</li>
						<li>
				<a href="org/junit/tests/experimental/theories/internal/AllMembersSupplierTest.html" target="classFrame">HasDataPointMethodWithOverlyGeneralTypes</a>
			</li>
						<li>
				<a href="org/junit/tests/experimental/theories/internal/AllMembersSupplierTest.html" target="classFrame">HasDataPointsArrayField</a>
			</li>
						<li>
				<a href="org/junit/tests/experimental/theories/internal/AllMembersSupplierTest.html" target="classFrame">HasDataPointsArrayWithMatchingButInaccurateTypes</a>
			</li>
						<li>
				<a href="org/junit/tests/experimental/theories/internal/AllMembersSupplierTest.html" target="classFrame">HasDataPointsFieldWithNullValue</a>
			</li>
						<li>
				<a href="org/junit/tests/experimental/theories/internal/AllMembersSupplierTest.html" target="classFrame">HasDataPointsListField</a>
			</li>
						<li>
				<a href="org/junit/tests/experimental/theories/internal/AllMembersSupplierTest.html" target="classFrame">HasDataPointsListFieldWithOverlyGenericTypes</a>
			</li>
						<li>
				<a href="org/junit/tests/experimental/theories/internal/AllMembersSupplierTest.html" target="classFrame">HasDataPointsListMethod</a>
			</li>
						<li>
				<a href="org/junit/tests/experimental/theories/internal/AllMembersSupplierTest.html" target="classFrame">HasDataPointsMethodWithNullValue</a>
			</li>
						<li>
				<a href="org/junit/tests/experimental/theories/internal/AllMembersSupplierTest.html" target="classFrame">HasDataPointsWithObjectParameter</a>
			</li>
						<li>
				<a href="org/junit/tests/experimental/theories/runner/WithDataPointMethod.html" target="classFrame">HasDateMethod</a>
			</li>
						<li>
				<a href="org/junit/tests/experimental/AssumptionTest.html" target="classFrame">HasFailingAssumeInBefore</a>
			</li>
						<li>
				<a href="org/junit/tests/experimental/AssumptionTest.html" target="classFrame">HasFailingAssumeInBeforeClass</a>
			</li>
						<li>
				<a href="org/junit/tests/experimental/AssumptionTest.html" target="classFrame">HasFailingAssumption</a>
			</li>
						<li>
				<a href="org/junit/tests/experimental/AssumptionTest.html" target="classFrame">HasFailingAssumptionWithMessage</a>
			</li>
						<li>
				<a href="org/junit/tests/experimental/theories/runner/FailingDataPointMethods.html" target="classFrame">HasFailingDataPointArrayMethod</a>
			</li>
						<li>
				<a href="org/junit/tests/experimental/theories/internal/AllMembersSupplierTest.html" target="classFrame">HasFailingDataPointsArrayMethod</a>
			</li>
						<li>
				<a href="org/junit/tests/experimental/theories/runner/FailingDataPointMethods.html" target="classFrame">HasFailingSingleDataPointMethod</a>
			</li>
						<li>
				<a href="org/junit/tests/experimental/rules/TimeoutRuleTest.html" target="classFrame">HasGlobalLongTimeout</a>
			</li>
						<li>
				<a href="org/junit/tests/experimental/rules/TimeoutRuleTest.html" target="classFrame">HasGlobalTimeUnitTimeout</a>
			</li>
						<li>
				<a href="org/junit/tests/experimental/theories/runner/FailingDataPointMethods.html" target="classFrame">HasIgnoredFailingMultipleDataPointMethod</a>
			</li>
						<li>
				<a href="org/junit/tests/experimental/theories/runner/FailingDataPointMethods.html" target="classFrame">HasIgnoredFailingSingleDataPointMethod</a>
			</li>
						<li>
				<a href="org/junit/tests/experimental/AssumptionTest.html" target="classFrame">HasPassingAssumption</a>
			</li>
						<li>
				<a href="org/junit/tests/experimental/theories/runner/WithNamedDataPoints.html" target="classFrame">HasSpecificDatapointsParameters</a>
			</li>
						<li>
				<a href="org/junit/tests/manipulation/SingleMethodTest.html" target="classFrame">HasSuiteMethod</a>
			</li>
						<li>
				<a href="org/junit/tests/experimental/rules/TempFolderRuleTest.html" target="classFrame">HasTempFolder</a>
			</li>
						<li>
				<a href="org/junit/tests/running/classes/ClassLevelMethodsWithIgnoredTestsTest.html" target="classFrame">HasUnfilteredTest</a>
			</li>
						<li>
				<a href="org/junit/tests/experimental/rules/ExpectedExceptionTest.html" target="classFrame">HasWrongMessage</a>
			</li>
						<li>
				<a href="org/junit/tests/experimental/theories/runner/FailingDataPointMethods.html" target="classFrame">HasWronglyIgnoredFailingMultipleDataPointMethod</a>
			</li>
						<li>
				<a href="org/junit/tests/experimental/theories/runner/FailingDataPointMethods.html" target="classFrame">HasWronglyIgnoredFailingSingleDataPointMethod</a>
			</li>
						<li>
				<a href="org/junit/tests/running/classes/SuiteTest.html" target="classFrame">Hercules</a>
			</li>
						<li>
				<a href="org/junit/tests/experimental/theories/runner/WithOnlyTestAnnotations.html" target="classFrame">HonorExpectedException</a>
			</li>
						<li>
				<a href="org/junit/tests/experimental/theories/runner/WithOnlyTestAnnotations.html" target="classFrame">HonorExpectedExceptionPasses</a>
			</li>
						<li>
				<a href="org/junit/tests/experimental/theories/runner/WithOnlyTestAnnotations.html" target="classFrame">HonorTimeout</a>
			</li>
						<li>
				<a href="org/junit/tests/running/classes/SuiteTest.html" target="classFrame">Hydra</a>
			</li>
						<li>
				<a href="junit/samples/money/IMoney.html" target="classFrame">IMoney</a>
			</li>
						<li>
				<a href="org/junit/tests/running/classes/IgnoreClassTest.html" target="classFrame">IgnoreClassTest</a>
			</li>
						<li>
				<a href="org/junit/tests/running/classes/IgnoreClassTest.html" target="classFrame">IgnoreMe</a>
			</li>
						<li>
				<a href="org/junit/tests/description/AnnotatedDescriptionTest.html" target="classFrame">IgnoredClass</a>
			</li>
						<li>
				<a href="org/junit/tests/experimental/categories/CategoryTest.html" target="classFrame">IgnoredTest</a>
			</li>
						<li>
				<a href="org/junit/tests/experimental/categories/CategoryTest.html" target="classFrame">IgnoredTestCategoriesSuite</a>
			</li>
						<li>
				<a href="org/junit/tests/running/methods/TimeoutTest.html" target="classFrame">ImpatientLoopTest</a>
			</li>
						<li>
				<a href="org/junit/tests/experimental/categories/CategoryTest.html" target="classFrame">IncludeAndExcludeSuite</a>
			</li>
						<li>
				<a href="org/junit/tests/experimental/categories/CategoryTest.html" target="classFrame">IncludedExcludedSameSuite</a>
			</li>
						<li>
				<a href="org/junit/tests/experimental/categories/CategoryTest.html" target="classFrame">IncludedTest</a>
			</li>
						<li>
				<a href="org/junit/tests/running/classes/ParameterizedTestTest.html" target="classFrame">IncorrectTest</a>
			</li>
						<li>
				<a href="org/junit/tests/experimental/rules/TempFolderRuleTest.html" target="classFrame">IncorrectUsage</a>
			</li>
						<li>
				<a href="org/junit/tests/experimental/rules/MethodRulesTest.html" target="classFrame">Increment</a>
			</li>
						<li>
				<a href="org/junit/tests/running/classes/SuiteTest.html" target="classFrame">InfiniteLoop</a>
			</li>
						<li>
				<a href="org/junit/tests/running/methods/TimeoutTest.html" target="classFrame">InfiniteLoopMultithreaded</a>
			</li>
						<li>
				<a href="org/junit/tests/internal/runners/statements/FailOnTimeoutTest.html" target="classFrame">InfiniteLoopStatement</a>
			</li>
						<li>
				<a href="org/junit/tests/running/methods/TimeoutTest.html" target="classFrame">InfiniteLoopStuckInMainThreadTest</a>
			</li>
						<li>
				<a href="org/junit/tests/running/methods/TimeoutTest.html" target="classFrame">InfiniteLoopTest</a>
			</li>
						<li>
				<a href="org/junit/tests/running/methods/TimeoutTest.html" target="classFrame">InfiniteLoopWithStuckThreadTest</a>
			</li>
						<li>
				<a href="org/junit/tests/experimental/categories/MultiCategoryTest.html" target="classFrame">InheritanceAll</a>
			</li>
						<li>
				<a href="org/junit/tests/experimental/categories/MultiCategoryTest.html" target="classFrame">InheritanceAllAny</a>
			</li>
						<li>
				<a href="org/junit/tests/experimental/categories/MultiCategoryTest.html" target="classFrame">InheritanceAllAnyTest</a>
			</li>
						<li>
				<a href="org/junit/tests/experimental/categories/MultiCategoryTest.html" target="classFrame">InheritanceAllTest</a>
			</li>
						<li>
				<a href="org/junit/tests/experimental/categories/MultiCategoryTest.html" target="classFrame">InheritanceAny</a>
			</li>
						<li>
				<a href="org/junit/tests/experimental/categories/MultiCategoryTest.html" target="classFrame">InheritanceAnyAll</a>
			</li>
						<li>
				<a href="org/junit/tests/experimental/categories/MultiCategoryTest.html" target="classFrame">InheritanceAnyAllTest</a>
			</li>
						<li>
				<a href="org/junit/tests/experimental/categories/MultiCategoryTest.html" target="classFrame">InheritanceAnyTest</a>
			</li>
						<li>
				<a href="org/junit/tests/experimental/categories/CategoryTest.html" target="classFrame">InheritanceSuite</a>
			</li>
						<li>
				<a href="org/junit/tests/experimental/categories/CategoryTest.html" target="classFrame">Inherited</a>
			</li>
						<li>
				<a href="junit/tests/framework/InheritedTestCase.html" target="classFrame">InheritedTestCase</a>
			</li>
						<li>
				<a href="org/junit/tests/running/methods/InheritedTestTest.html" target="classFrame">InheritedTestTest</a>
			</li>
						<li>
				<a href="org/junit/tests/running/classes/SuiteTest.html" target="classFrame">InheritsAll</a>
			</li>
						<li>
				<a href="org/junit/tests/junit3compatibility/InitializationErrorForwardCompatibilityTest.html" target="classFrame">InitializationErrorForwardCompatibilityTest</a>
			</li>
						<li>
				<a href="org/junit/tests/junit3compatibility/InitializationErrorForwardCompatibilityTest.html" target="classFrame">InitializesWithError</a>
			</li>
						<li>
				<a href="org/junit/internal/builders/AnnotatedBuilderTest.html" target="classFrame">InnerClassWithOwnRunWith</a>
			</li>
						<li>
				<a href="org/junit/internal/builders/AnnotatedBuilderTest.html" target="classFrame">InnerClassWithoutOwnRunWith</a>
			</li>
						<li>
				<a href="org/junit/internal/builders/AnnotatedBuilderTest.html" target="classFrame">InnerRunner</a>
			</li>
						<li>
				<a href="org/junit/tests/experimental/rules/TestWatcherTest.html" target="classFrame">InternalViolatedAssumptionTest</a>
			</li>
						<li>
				<a href="org/junit/tests/junit3compatibility/ForwardCompatibilityTest.html" target="classFrame">InvalidMethodTest</a>
			</li>
						<li>
				<a href="junit/tests/runner/TextRunnerSingleMethodTest.html" target="classFrame">InvocationTest</a>
			</li>
						<li>
				<a href="org/junit/tests/junit3compatibility/JUnit38ClassRunnerTest.html" target="classFrame">JUnit38ClassRunnerTest</a>
			</li>
						<li>
				<a href="org/junit/tests/experimental/max/JUnit38SortingTest.html" target="classFrame">JUnit38SortingTest</a>
			</li>
						<li>
				<a href="org/junit/tests/experimental/max/JUnit38SortingTest.html" target="classFrame">JUnit38Test</a>
			</li>
						<li>
				<a href="org/junit/tests/junit3compatibility/JUnit38ClassRunnerTest.html" target="classFrame">JUnit3ClassWithAnnotatedMethod</a>
			</li>
						<li>
				<a href="org/junit/tests/junit3compatibility/AllTestsTest.html" target="classFrame">JUnit4Test</a>
			</li>
						<li>
				<a href="org/junit/runner/JUnitCommandLineParseResultTest.html" target="classFrame">JUnitCommandLineParseResultTest</a>
			</li>
						<li>
				<a href="org/junit/tests/running/core/JUnitCoreReturnsCorrectExitCodeTest.html" target="classFrame">JUnitCoreReturnsCorrectExitCodeTest</a>
			</li>
						<li>
				<a href="org/junit/runner/JUnitCoreTest.html" target="classFrame">JUnitCoreTest</a>
			</li>
						<li>
				<a href="org/junit/tests/experimental/categories/JavadocTest.html" target="classFrame">JavadocTest</a>
			</li>
						<li>
				<a href="org/junit/tests/experimental/categories/CategoryTest.html" target="classFrame">JustA</a>
			</li>
						<li>
				<a href="org/junit/samples/ListTest.html" target="classFrame">ListTest</a>
			</li>
						<li>
				<a href="org/junit/tests/listening/ListenerTest.html" target="classFrame">ListenerTest</a>
			</li>
						<li>
				<a href="org/junit/tests/experimental/rules/RuleChainTest.html" target="classFrame">LoggingRule</a>
			</li>
						<li>
				<a href="org/junit/tests/experimental/rules/LoggingTestWatcher.html" target="classFrame">LoggingTestWatcher</a>
			</li>
						<li>
				<a href="org/junit/tests/experimental/rules/TestWatchmanTest.html" target="classFrame">LoggingTestWatchman</a>
			</li>
						<li>
				<a href="org/junit/tests/running/core/MainRunner.html" target="classFrame">MainRunner</a>
			</li>
						<li>
				<a href="org/junit/tests/experimental/max/MaxStarterTest.html" target="classFrame">MalformedJUnit38Test</a>
			</li>
						<li>
				<a href="org/junit/tests/experimental/max/MaxStarterTest.html" target="classFrame">MalformedJUnit38TestMethod</a>
			</li>
						<li>
				<a href="org/junit/tests/junit3compatibility/ForwardCompatibilityTest.html" target="classFrame">MarkerRunner</a>
			</li>
						<li>
				<a href="org/junit/tests/experimental/MatcherTest.html" target="classFrame">MatcherTest</a>
			</li>
						<li>
				<a href="org/junit/tests/experimental/max/MaxStarterTest.html" target="classFrame">MaxStarterTest</a>
			</li>
						<li>
				<a href="org/junit/tests/experimental/rules/TestRuleTest.html" target="classFrame">MethodBeforesAndAfters</a>
			</li>
						<li>
				<a href="org/junit/tests/experimental/rules/TestRuleTest.html" target="classFrame">MethodBothKindsOfRule</a>
			</li>
						<li>
				<a href="org/junit/tests/experimental/theories/extendingwithstubs/MethodCall.html" target="classFrame">MethodCall</a>
			</li>
						<li>
				<a href="org/junit/tests/experimental/rules/TestRuleTest.html" target="classFrame">MethodExampleTest</a>
			</li>
						<li>
				<a href="org/junit/tests/experimental/rules/ClassRulesTest.html" target="classFrame">MethodExampleTestWithClassRule</a>
			</li>
						<li>
				<a href="org/junit/tests/experimental/rules/ClassRulesTest.html" target="classFrame">MethodExampleTestWithCustomClassRule</a>
			</li>
						<li>
				<a href="org/junit/tests/experimental/rules/TestRuleTest.html" target="classFrame">MethodMultipleRuleTest</a>
			</li>
						<li>
				<a href="org/junit/tests/experimental/rules/TestRuleTest.html" target="classFrame">MethodNoRulesTest</a>
			</li>
						<li>
				<a href="org/junit/tests/experimental/rules/TestRuleTest.html" target="classFrame">MethodOnFailureTest</a>
			</li>
						<li>
				<a href="org/junit/tests/experimental/rules/TestRuleTest.html" target="classFrame">MethodOnSkippedTest</a>
			</li>
						<li>
				<a href="org/junit/tests/experimental/rules/TestRuleTest.html" target="classFrame">MethodOneFieldTwoKindsOfRule</a>
			</li>
						<li>
				<a href="org/junit/tests/experimental/rules/TestRuleTest.html" target="classFrame">MethodPrivateRule</a>
			</li>
						<li>
				<a href="org/junit/tests/experimental/rules/MethodRulesTest.html" target="classFrame">MethodRulesTest</a>
			</li>
						<li>
				<a href="org/junit/runner/notification/SynchronizedRunListenerTest.html" target="classFrame">MethodSignature</a>
			</li>
						<li>
				<a href="org/junit/tests/experimental/rules/TestRuleTest.html" target="classFrame">MethodSonOfExampleTest</a>
			</li>
						<li>
				<a href="org/junit/tests/experimental/rules/TestRuleTest.html" target="classFrame">MethodSonOfWrongTypedField</a>
			</li>
						<li>
				<a href="org/junit/internal/MethodSorterTest.html" target="classFrame">MethodSorterTest</a>
			</li>
						<li>
				<a href="org/junit/tests/experimental/rules/ClassRulesTest.html" target="classFrame">MethodSubclassOfTestWithClassRule</a>
			</li>
						<li>
				<a href="org/junit/tests/experimental/rules/RuleMemberValidatorTest.html" target="classFrame">MethodTestWithArbitraryObjectWithRuleAnnotation</a>
			</li>
						<li>
				<a href="org/junit/tests/experimental/rules/RuleMemberValidatorTest.html" target="classFrame">MethodTestWithMethodRule</a>
			</li>
						<li>
				<a href="org/junit/tests/experimental/rules/RuleMemberValidatorTest.html" target="classFrame">MethodTestWithNonStaticClassRule</a>
			</li>
						<li>
				<a href="org/junit/tests/experimental/rules/RuleMemberValidatorTest.html" target="classFrame">MethodTestWithProtectedClassRule</a>
			</li>
						<li>
				<a href="org/junit/tests/experimental/rules/RuleMemberValidatorTest.html" target="classFrame">MethodTestWithStaticClassAndTestRule</a>
			</li>
						<li>
				<a href="org/junit/tests/experimental/rules/TestRuleTest.html" target="classFrame">MethodUsesCustomMethodRule</a>
			</li>
						<li>
				<a href="org/junit/tests/experimental/rules/TestRuleTest.html" target="classFrame">MethodWatchmanTest</a>
			</li>
						<li>
				<a href="org/junit/tests/experimental/rules/TestRuleTest.html" target="classFrame">MethodWrongTypedField</a>
			</li>
						<li>
				<a href="org/junit/runners/model/TestClassTest.html" target="classFrame">MethodsAnnotated</a>
			</li>
						<li>
				<a href="junit/tests/runner/BaseTestRunnerTest.html" target="classFrame">MockRunner</a>
			</li>
						<li>
				<a href="junit/samples/money/Money.html" target="classFrame">Money</a>
			</li>
						<li>
				<a href="junit/samples/money/MoneyBag.html" target="classFrame">MoneyBag</a>
			</li>
						<li>
				<a href="junit/samples/money/MoneyTest.html" target="classFrame">MoneyTest</a>
			</li>
						<li>
				<a href="org/junit/internal/builders/AnnotatedBuilderTest.html" target="classFrame">MostInnerClass</a>
			</li>
						<li>
				<a href="org/junit/tests/experimental/categories/CategoryTest.html" target="classFrame">MultiA</a>
			</li>
						<li>
				<a href="org/junit/tests/experimental/categories/CategoryTest.html" target="classFrame">MultiB</a>
			</li>
						<li>
				<a href="org/junit/tests/experimental/categories/CategoryTest.html" target="classFrame">MultiC</a>
			</li>
						<li>
				<a href="org/junit/tests/experimental/categories/MultiCategoryTest.html" target="classFrame">MultiCategorySuite</a>
			</li>
						<li>
				<a href="org/junit/tests/experimental/categories/MultiCategoryTest.html" target="classFrame">MultiCategoryTest</a>
			</li>
						<li>
				<a href="org/junit/tests/experimental/categories/CategoryTest.html" target="classFrame">MultiIncludeWithExcludeCategorySuite</a>
			</li>
						<li>
				<a href="org/junit/tests/experimental/rules/TestRuleTest.html" target="classFrame">MultipleCallsTest</a>
			</li>
						<li>
				<a href="org/junit/tests/assertion/MultipleFailureExceptionTest.html" target="classFrame">MultipleFailureExceptionTest</a>
			</li>
						<li>
				<a href="org/junit/tests/experimental/categories/CategoryTest.html" target="classFrame">MultipleIncludesAndExcludeOnMethod</a>
			</li>
						<li>
				<a href="org/junit/tests/experimental/rules/MethodRulesTest.html" target="classFrame">MultipleRuleTest</a>
			</li>
						<li>
				<a href="org/junit/tests/junit3compatibility/JUnit38ClassRunnerTest.html" target="classFrame">MyAnnotation</a>
			</li>
						<li>
				<a href="org/junit/tests/listening/RunnerTest.html" target="classFrame">MyListener</a>
			</li>
						<li>
				<a href="org/junit/tests/description/AnnotatedDescriptionTest.html" target="classFrame">MyOwnAnnotation</a>
			</li>
						<li>
				<a href="org/junit/tests/running/classes/UseSuiteAsASuperclassTest.html" target="classFrame">MySuite</a>
			</li>
						<li>
				<a href="org/junit/tests/junit3compatibility/JUnit38ClassRunnerTest.html" target="classFrame">MyTest</a>
			</li>
						<li>
				<a href="org/junit/tests/experimental/rules/TempFolderRuleTest.html" target="classFrame">NameClashes</a>
			</li>
						<li>
				<a href="org/junit/tests/experimental/rules/NameRulesTest.html" target="classFrame">NameRulesTest</a>
			</li>
						<li>
				<a href="org/junit/tests/manipulation/FilterTest.html" target="classFrame">NamedFilter</a>
			</li>
						<li>
				<a href="org/junit/runner/notification/SynchronizedRunListenerTest.html" target="classFrame">NamedListener</a>
			</li>
						<li>
				<a href="org/junit/tests/listening/RunnerTest.html" target="classFrame">NewExample</a>
			</li>
						<li>
				<a href="org/junit/tests/experimental/theories/runner/SuccessfulWithDataPointFields.html" target="classFrame">NewObjectEachTime</a>
			</li>
						<li>
				<a href="org/junit/tests/junit3compatibility/ForwardCompatibilityTest.html" target="classFrame">NewTest</a>
			</li>
						<li>
				<a href="org/junit/tests/junit3compatibility/SuiteMethodTest.html" target="classFrame">NewTestSuiteFails</a>
			</li>
						<li>
				<a href="org/junit/tests/junit3compatibility/SuiteMethodTest.html" target="classFrame">NewTestSuiteNotUsed</a>
			</li>
						<li>
				<a href="junit/tests/framework/NoArgTestCaseTest.html" target="classFrame">NoArgTestCaseTest</a>
			</li>
						<li>
				<a href="org/junit/tests/running/methods/AnnotationTest.html" target="classFrame">NoExceptionTest</a>
			</li>
						<li>
				<a href="org/junit/tests/running/core/MainRunner.html" target="classFrame">NoExitSecurityManager</a>
			</li>
						<li>
				<a href="org/junit/tests/experimental/categories/CategoryTest.html" target="classFrame">NoIncludeCategoryAnnotationSuite</a>
			</li>
						<li>
				<a href="org/junit/tests/experimental/categories/CategoryTest.html" target="classFrame">NoIncludeCategoryAnnotationTest</a>
			</li>
						<li>
				<a href="org/junit/tests/experimental/rules/MethodRulesTest.html" target="classFrame">NoRulesTest</a>
			</li>
						<li>
				<a href="org/junit/tests/running/classes/SuiteTest.html" target="classFrame">NoSuiteClassesAnnotation</a>
			</li>
						<li>
				<a href="org/junit/tests/experimental/categories/CategoryTest.html" target="classFrame">NoTest</a>
			</li>
						<li>
				<a href="junit/tests/framework/NoTestCaseClass.html" target="classFrame">NoTestCaseClass</a>
			</li>
						<li>
				<a href="junit/tests/framework/NoTestCases.html" target="classFrame">NoTestCases</a>
			</li>
						<li>
				<a href="org/junit/tests/junit3compatibility/ForwardCompatibilityTest.html" target="classFrame">NoTests</a>
			</li>
						<li>
				<a href="org/junit/runner/FilterFactoriesTest.html" target="classFrame">NonFilterFactory</a>
			</li>
						<li>
				<a href="org/junit/runner/FilterFactoriesTest.html" target="classFrame">NonInstantiableFilterFactory</a>
			</li>
						<li>
				<a href="org/junit/validator/PublicClassValidatorTest.html" target="classFrame">NonPublicClass</a>
			</li>
						<li>
				<a href="org/junit/tests/running/classes/ParentRunnerTest.html" target="classFrame">NonPublicTestClass</a>
			</li>
						<li>
				<a href="org/junit/tests/experimental/rules/RuleMemberValidatorTest.html" target="classFrame">NonPublicTestWithClassRule</a>
			</li>
						<li>
				<a href="junit/tests/runner/BaseTestRunnerTest.html" target="classFrame">NonStatic</a>
			</li>
						<li>
				<a href="org/junit/tests/validation/ValidationTest.html" target="classFrame">NonStaticBeforeClass</a>
			</li>
						<li>
				<a href="org/junit/runners/model/TestClassTest.html" target="classFrame">NonStaticInnerClass</a>
			</li>
						<li>
				<a href="org/junit/tests/running/methods/AnnotationTest.html" target="classFrame">NonStaticOneTimeSetup</a>
			</li>
						<li>
				<a href="org/junit/tests/running/methods/ExpectedTest.html" target="classFrame">NoneThrown</a>
			</li>
						<li>
				<a href="junit/tests/framework/NotPublicTestCase.html" target="classFrame">NotPublicTestCase</a>
			</li>
						<li>
				<a href="junit/tests/framework/NotVoidTestCase.html" target="classFrame">NotVoidTestCase</a>
			</li>
						<li>
				<a href="org/junit/tests/experimental/theories/runner/UnsuccessfulWithDataPointFields.html" target="classFrame">NullsOK</a>
			</li>
						<li>
				<a href="org/junit/tests/ObjectContractTest.html" target="classFrame">ObjectContractTest</a>
			</li>
						<li>
				<a href="org/junit/tests/running/methods/AnnotationTest.html" target="classFrame">OldSuiteTest</a>
			</li>
						<li>
				<a href="org/junit/tests/running/methods/AnnotationTest.html" target="classFrame">OldTest</a>
			</li>
						<li>
				<a href="org/junit/tests/junit3compatibility/OldTestClassAdaptingListenerTest.html" target="classFrame">OldTestClassAdaptingListenerTest</a>
			</li>
						<li>
				<a href="org/junit/tests/junit3compatibility/OldTests.html" target="classFrame">OldTests</a>
			</li>
						<li>
				<a href="org/junit/tests/experimental/rules/MethodRulesTest.html" target="classFrame">OnFailureTest</a>
			</li>
						<li>
				<a href="org/junit/tests/experimental/categories/CategoryTest.html" target="classFrame">OneFast</a>
			</li>
						<li>
				<a href="org/junit/tests/experimental/categories/CategoryTest.html" target="classFrame">OneFastOneSlow</a>
			</li>
						<li>
				<a href="org/junit/tests/experimental/categories/CategoryTest.html" target="classFrame">OneFastSuite</a>
			</li>
						<li>
				<a href="org/junit/tests/experimental/rules/TestRuleTest.html" target="classFrame">OneFieldTwoKindsOfRule</a>
			</li>
						<li>
				<a href="org/junit/tests/experimental/categories/CategoryTest.html" target="classFrame">OneMoreTest</a>
			</li>
						<li>
				<a href="org/junit/tests/experimental/categories/CategoryTest.html" target="classFrame">OneOfEach</a>
			</li>
						<li>
				<a href="org/junit/tests/listening/TestListenerTest.html" target="classFrame">OneTest</a>
			</li>
						<li>
				<a href="junit/tests/framework/OneTestCase.html" target="classFrame">OneTestCase</a>
			</li>
						<li>
				<a href="org/junit/tests/experimental/theories/runner/SuccessfulWithDataPointFields.html" target="classFrame">OneTestTwoAnnotations</a>
			</li>
						<li>
				<a href="org/junit/tests/experimental/categories/CategoryTest.html" target="classFrame">OneThatIsBothFastAndSlow</a>
			</li>
						<li>
				<a href="org/junit/tests/running/methods/AnnotationTest.html" target="classFrame">OneTimeSetup</a>
			</li>
						<li>
				<a href="org/junit/tests/running/methods/AnnotationTest.html" target="classFrame">OneTimeTeardown</a>
			</li>
						<li>
				<a href="org/junit/tests/manipulation/SingleMethodTest.html" target="classFrame">OneTwoSuite</a>
			</li>
						<li>
				<a href="org/junit/tests/experimental/categories/CategoryTest.html" target="classFrame">OneVerySlowTest</a>
			</li>
						<li>
				<a href="org/junit/tests/running/methods/TestMethodTest.html" target="classFrame">OnlyTestIsIgnored</a>
			</li>
						<li>
				<a href="org/junit/tests/running/methods/AnnotationTest.html" target="classFrame">OrderTest</a>
			</li>
						<li>
				<a href="org/junit/tests/experimental/rules/TestRuleTest.html" target="classFrame">OrderTestRule</a>
			</li>
						<li>
				<a href="org/junit/internal/builders/AnnotatedBuilderTest.html" target="classFrame">OuterClass</a>
			</li>
						<li>
				<a href="org/junit/runners/model/TestClassTest.html" target="classFrame">OuterClass2</a>
			</li>
						<li>
				<a href="org/junit/tests/experimental/rules/BlockJUnit4ClassRunnerOverrideTest.html" target="classFrame">OverrideRulesRunner</a>
			</li>
						<li>
				<a href="org/junit/tests/experimental/rules/BlockJUnit4ClassRunnerOverrideTest.html" target="classFrame">OverrideRulesTest</a>
			</li>
						<li>
				<a href="junit/tests/framework/OverrideTestCase.html" target="classFrame">OverrideTestCase</a>
			</li>
						<li>
				<a href="org/junit/tests/experimental/rules/BlockJUnit4ClassRunnerOverrideTest.html" target="classFrame">OverrideTestRulesRunner</a>
			</li>
						<li>
				<a href="org/junit/tests/experimental/rules/BlockJUnit4ClassRunnerOverrideTest.html" target="classFrame">OverrideTestRulesTest</a>
			</li>
						<li>
				<a href="org/junit/tests/experimental/parallel/ParallelClassTest.html" target="classFrame">ParallelClassTest</a>
			</li>
						<li>
				<a href="org/junit/tests/experimental/parallel/ParallelMethodTest.html" target="classFrame">ParallelMethodTest</a>
			</li>
						<li>
				<a href="org/junit/tests/experimental/theories/runner/WithExtendedParameterSources.html" target="classFrame">ParameterAnnotations</a>
			</li>
						<li>
				<a href="org/junit/tests/experimental/theories/ParameterSignatureTest.html" target="classFrame">ParameterSignatureTest</a>
			</li>
						<li>
				<a href="org/junit/tests/experimental/categories/CategoriesAndParameterizedTest.html" target="classFrame">ParameterTokenSuiteMalformed</a>
			</li>
						<li>
				<a href="org/junit/tests/experimental/categories/CategoriesAndParameterizedTest.html" target="classFrame">ParameterTokenSuiteMalformedAndSwapped</a>
			</li>
						<li>
				<a href="org/junit/tests/experimental/categories/CategoriesAndParameterizedTest.html" target="classFrame">ParameterTokenSuiteWellFormed</a>
			</li>
						<li>
				<a href="org/junit/tests/experimental/theories/internal/ParameterizedAssertionErrorTest.html" target="classFrame">ParameterizedAssertionErrorTest</a>
			</li>
						<li>
				<a href="org/junit/runners/parameterized/ParameterizedNamesTest.html" target="classFrame">ParameterizedNamesTest</a>
			</li>
						<li>
				<a href="org/junit/tests/manipulation/SingleMethodTest.html" target="classFrame">ParameterizedOneTimeBeforeClass</a>
			</li>
						<li>
				<a href="org/junit/tests/manipulation/SingleMethodTest.html" target="classFrame">ParameterizedOneTimeSetup</a>
			</li>
						<li>
				<a href="org/junit/tests/running/methods/ParameterizedTestMethodTest.html" target="classFrame">ParameterizedTestMethodTest</a>
			</li>
						<li>
				<a href="org/junit/tests/running/classes/ParameterizedTestTest.html" target="classFrame">ParameterizedTestTest</a>
			</li>
						<li>
				<a href="org/junit/tests/experimental/categories/CategoriesAndParameterizedTest.html" target="classFrame">ParameterizedTestWithAttemptedMethodCategory</a>
			</li>
						<li>
				<a href="org/junit/tests/experimental/categories/CategoriesAndParameterizedTest.html" target="classFrame">ParameterizedTestWithClassCategory</a>
			</li>
						<li>
				<a href="org/junit/tests/running/classes/ParameterizedTestTest.html" target="classFrame">ParameterizedWithoutSpecialTestname</a>
			</li>
						<li>
				<a href="org/junit/tests/running/classes/ParameterizedTestTest.html" target="classFrame">ParametersNotIterable</a>
			</li>
						<li>
				<a href="org/junit/runners/parameterized/ParameterizedNamesTest.html" target="classFrame">ParametrizedWithSpecialCharsInName</a>
			</li>
						<li>
				<a href="org/junit/tests/running/classes/ParentRunnerFilteringTest.html" target="classFrame">ParentRunnerFilteringTest</a>
			</li>
						<li>
				<a href="org/junit/tests/running/classes/ParentRunnerTest.html" target="classFrame">ParentRunnerTest</a>
			</li>
						<li>
				<a href="org/junit/tests/experimental/theories/runner/SuccessfulWithDataPointFields.html" target="classFrame">PositiveInts</a>
			</li>
						<li>
				<a href="org/junit/tests/experimental/theories/runner/SuccessfulWithDataPointFields.html" target="classFrame">PositiveIntsWithMethodParams</a>
			</li>
						<li>
				<a href="org/junit/tests/experimental/theories/runner/SuccessfulWithDataPointFields.html" target="classFrame">PositiveIntsWithNegativeField</a>
			</li>
						<li>
				<a href="org/junit/rules/DisableOnDebugTest.html" target="classFrame">PostJava5DebugArgumentsTest</a>
			</li>
						<li>
				<a href="org/junit/tests/experimental/theories/PotentialAssignmentTest.html" target="classFrame">PotentialAssignmentTest</a>
			</li>
						<li>
				<a href="org/junit/rules/DisableOnDebugTest.html" target="classFrame">PreJava5DebugArgumentsReversedTest</a>
			</li>
						<li>
				<a href="org/junit/rules/DisableOnDebugTest.html" target="classFrame">PreJava5DebugArgumentsTest</a>
			</li>
						<li>
				<a href="org/junit/tests/experimental/results/PrintableResultTest.html" target="classFrame">PrintableResultTest</a>
			</li>
						<li>
				<a href="org/junit/tests/running/classes/ParameterizedTestTest.html" target="classFrame">PrivateConstructor</a>
			</li>
						<li>
				<a href="org/junit/tests/experimental/rules/MethodRulesTest.html" target="classFrame">PrivateRule</a>
			</li>
						<li>
				<a href="org/junit/tests/junit3compatibility/ClassRequestTest.html" target="classFrame">PrivateSuiteMethod</a>
			</li>
						<li>
				<a href="org/junit/tests/running/classes/ParameterizedTestTest.html" target="classFrame">ProtectedParametersTest</a>
			</li>
						<li>
				<a href="org/junit/validator/PublicClassValidatorTest.html" target="classFrame">PublicClass</a>
			</li>
						<li>
				<a href="org/junit/validator/PublicClassValidatorTest.html" target="classFrame">PublicClassValidatorTest</a>
			</li>
						<li>
				<a href="org/junit/tests/experimental/categories/MultiCategoryTest.html" target="classFrame">Q</a>
			</li>
						<li>
				<a href="org/junit/tests/experimental/categories/CategoryTest.html" target="classFrame">ReallySlowTests</a>
			</li>
						<li>
				<a href="org/junit/rules/StopwatchTest.html" target="classFrame">Record</a>
			</li>
						<li>
				<a href="org/junit/tests/experimental/theories/extendingwithstubs/GuesserQueue.html" target="classFrame">ReguessableDecorator</a>
			</li>
						<li>
				<a href="org/junit/tests/experimental/theories/extendingwithstubs/ReguessableValue.html" target="classFrame">ReguessableValue</a>
			</li>
						<li>
				<a href="org/junit/tests/junit3compatibility/JUnit38ClassRunnerTest.html" target="classFrame">RejectAllTestsFilter</a>
			</li>
						<li>
				<a href="junit/tests/extensions/RepeatedTestTest.html" target="classFrame">RepeatedTestTest</a>
			</li>
						<li>
				<a href="org/junit/tests/experimental/results/ResultMatchersTest.html" target="classFrame">ResultMatchersTest</a>
			</li>
						<li>
				<a href="junit/tests/runner/ResultTest.html" target="classFrame">ResultTest</a>
			</li>
						<li>
				<a href="org/junit/tests/experimental/rules/RuleChainTest.html" target="classFrame">RuleChainTest</a>
			</li>
						<li>
				<a href="org/junit/tests/experimental/rules/RuleMemberValidatorTest.html" target="classFrame">RuleMemberValidatorTest</a>
			</li>
						<li>
				<a href="org/junit/tests/running/methods/AnnotationTest.html" target="classFrame">RunAllAfterClasses</a>
			</li>
						<li>
				<a href="org/junit/tests/running/methods/AnnotationTest.html" target="classFrame">RunAllAfterClassesRegardless</a>
			</li>
						<li>
				<a href="org/junit/tests/running/methods/AnnotationTest.html" target="classFrame">RunAllAfters</a>
			</li>
						<li>
				<a href="org/junit/tests/running/methods/AnnotationTest.html" target="classFrame">RunAllAftersRegardless</a>
			</li>
						<li>
				<a href="org/junit/tests/experimental/categories/CategoryTest.html" target="classFrame">RunClassAsCategory</a>
			</li>
						<li>
				<a href="org/junit/runner/notification/RunNotifierTest.html" target="classFrame">RunNotifierTest</a>
			</li>
						<li>
				<a href="org/junit/tests/experimental/categories/CategoryTest.html" target="classFrame">RunSlowFromVerySlow</a>
			</li>
						<li>
				<a href="org/junit/tests/running/classes/RunWithTest.html" target="classFrame">RunWithTest</a>
			</li>
						<li>
				<a href="org/junit/runners/model/RunnerBuilderStub.html" target="classFrame">RunnerBuilderStub</a>
			</li>
						<li>
				<a href="org/junit/runner/RunnerSpy.html" target="classFrame">RunnerSpy</a>
			</li>
						<li>
				<a href="org/junit/tests/listening/RunnerTest.html" target="classFrame">RunnerTest</a>
			</li>
						<li>
				<a href="org/junit/tests/experimental/categories/CategoryTest.html" target="classFrame">SameAsNoIncludeCategoryAnnotationSuite</a>
			</li>
						<li>
				<a href="org/junit/tests/experimental/categories/CategoryValidatorTest.html" target="classFrame">SampleCategory</a>
			</li>
						<li>
				<a href="org/junit/validator/AnnotationValidatorFactoryTest.html" target="classFrame">SampleTestWithValidator</a>
			</li>
						<li>
				<a href="org/junit/validator/AnnotationValidatorFactoryTest.html" target="classFrame">SampleTestWithValidatorThatThrowsException</a>
			</li>
						<li>
				<a href="org/junit/tests/running/methods/AnnotationTest.html" target="classFrame">SetupFailureTest</a>
			</li>
						<li>
				<a href="org/junit/tests/running/methods/AnnotationTest.html" target="classFrame">SetupTest</a>
			</li>
						<li>
				<a href="org/junit/tests/experimental/theories/runner/WithExtendedParameterSources.html" target="classFrame">ShouldFilterOutNullElementsFromDataPointArrays</a>
			</li>
						<li>
				<a href="org/junit/tests/experimental/theories/runner/WithExtendedParameterSources.html" target="classFrame">ShouldFilterOutNullSingleDataPoints</a>
			</li>
						<li>
				<a href="org/junit/tests/experimental/theories/runner/WithExtendedParameterSources.html" target="classFrame">ShouldRejectTheoriesWithOnlyDisallowedNullData</a>
			</li>
						<li>
				<a href="org/junit/runners/model/TestClassTest.html" target="classFrame">SimpleClass</a>
			</li>
						<li>
				<a href="org/junit/tests/experimental/theories/runner/WithParameterSupplier.html" target="classFrame">SimplePotentialAssignment</a>
			</li>
						<li>
				<a href="org/junit/tests/experimental/theories/runner/WithParameterSupplier.html" target="classFrame">SimpleSupplier</a>
			</li>
						<li>
				<a href="org/junit/tests/running/methods/AnnotationTest.html" target="classFrame">SimpleTest</a>
			</li>
						<li>
				<a href="org/junit/tests/running/methods/AnnotationTest.html" target="classFrame">SimpleTestWithFutureProofExplicitRunner</a>
			</li>
						<li>
				<a href="org/junit/tests/running/classes/ParameterizedTestTest.html" target="classFrame">SingleArgumentTestWithArray</a>
			</li>
						<li>
				<a href="org/junit/tests/running/classes/ParameterizedTestTest.html" target="classFrame">SingleArgumentTestWithIterable</a>
			</li>
						<li>
				<a href="org/junit/tests/manipulation/SingleMethodTest.html" target="classFrame">SingleMethodTest</a>
			</li>
						<li>
				<a href="org/junit/rules/StopwatchTest.html" target="classFrame">SkippedTest</a>
			</li>
						<li>
				<a href="org/junit/tests/experimental/categories/JavadocTest.html" target="classFrame">SlowTestSuite</a>
			</li>
						<li>
				<a href="org/junit/tests/experimental/categories/JavadocTest.html" target="classFrame">SlowTests</a>
			</li>
						<li>
				<a href="org/junit/tests/experimental/categories/JavadocTest.html" target="classFrame">SmokeTests</a>
			</li>
						<li>
				<a href="org/junit/tests/experimental/categories/CategoryTest.html" target="classFrame">SomeAreSlow</a>
			</li>
						<li>
				<a href="org/junit/tests/experimental/categories/CategoryTest.html" target="classFrame">SomeAreSlowSuite</a>
			</li>
						<li>
				<a href="org/junit/tests/experimental/rules/MethodRulesTest.html" target="classFrame">SonOfExampleTest</a>
			</li>
						<li>
				<a href="org/junit/tests/experimental/rules/MethodRulesTest.html" target="classFrame">SonOfWrongTypedField</a>
			</li>
						<li>
				<a href="org/junit/tests/manipulation/SortableTest.html" target="classFrame">SortMe</a>
			</li>
						<li>
				<a href="org/junit/tests/manipulation/SortableTest.html" target="classFrame">SortableTest</a>
			</li>
						<li>
				<a href="org/junit/tests/experimental/theories/internal/SpecificDataPointsSupplierTest.html" target="classFrame">SpecificDataPointsSupplierTest</a>
			</li>
						<li>
				<a href="junit/tests/runner/StackFilterTest.html" target="classFrame">StackFilterTest</a>
			</li>
						<li>
				<a href="org/junit/internal/matchers/StacktracePrintingMatcherTest.html" target="classFrame">StacktracePrintingMatcherTest</a>
			</li>
						<li>
				<a href="org/junit/runners/model/TestClassTest.html" target="classFrame">StaticInnerClass</a>
			</li>
						<li>
				<a href="org/junit/tests/experimental/theories/runner/SuccessfulWithDataPointFields.html" target="classFrame">StaticPublicNonDataPoints</a>
			</li>
						<li>
				<a href="org/junit/rules/StopwatchTest.html" target="classFrame">StopwatchTest</a>
			</li>
						<li>
				<a href="org/junit/tests/experimental/theories/extendingwithstubs/StringableObject.html" target="classFrame">StringableObject</a>
			</li>
						<li>
				<a href="org/junit/tests/experimental/theories/extendingwithstubs/Stub.html" target="classFrame">Stub</a>
			</li>
						<li>
				<a href="org/junit/tests/experimental/theories/extendingwithstubs/StubbedTheories.html" target="classFrame">StubbedTheories</a>
			</li>
						<li>
				<a href="org/junit/tests/experimental/theories/extendingwithstubs/StubbedTheoriesTest.html" target="classFrame">StubbedTheoriesTest</a>
			</li>
						<li>
				<a href="org/junit/tests/experimental/theories/extendingwithstubs/StubbedTheories.html" target="classFrame">StubbedTheoryAnchor</a>
			</li>
						<li>
				<a href="org/junit/tests/internal/runners/statements/FailOnTimeoutTest.html" target="classFrame">StuckStatement</a>
			</li>
						<li>
				<a href="org/junit/tests/running/methods/InheritedTestTest.html" target="classFrame">Sub</a>
			</li>
						<li>
				<a href="org/junit/tests/running/classes/RunWithTest.html" target="classFrame">SubExampleTest</a>
			</li>
						<li>
				<a href="org/junit/tests/running/methods/AnnotationTest.html" target="classFrame">SubInheritance</a>
			</li>
						<li>
				<a href="org/junit/tests/running/methods/AnnotationTest.html" target="classFrame">SubShadowing</a>
			</li>
						<li>
				<a href="org/junit/tests/running/methods/TestMethodTest.html" target="classFrame">SubShadows</a>
			</li>
						<li>
				<a href="org/junit/tests/running/methods/AnnotationTest.html" target="classFrame">SubTest</a>
			</li>
						<li>
				<a href="org/junit/tests/running/methods/InheritedTestTest.html" target="classFrame">SubWithBefore</a>
			</li>
						<li>
				<a href="org/junit/tests/running/methods/TestMethodTest.html" target="classFrame">SubWrong</a>
			</li>
						<li>
				<a href="org/junit/tests/experimental/rules/ClassRulesTest.html" target="classFrame">SubclassOfTestWithClassRule</a>
			</li>
						<li>
				<a href="org/junit/runners/model/TestClassTest.html" target="classFrame">SubclassWithField</a>
			</li>
						<li>
				<a href="org/junit/tests/running/core/JUnitCoreReturnsCorrectExitCodeTest.html" target="classFrame">Succeed</a>
			</li>
						<li>
				<a href="junit/tests/framework/Success.html" target="classFrame">Success</a>
			</li>
						<li>
				<a href="junit/tests/extensions/RepeatedTestTest.html" target="classFrame">SuccessTest</a>
			</li>
						<li>
				<a href="org/junit/tests/running/methods/TimeoutTest.html" target="classFrame">SuccessWithTimeoutTest</a>
			</li>
						<li>
				<a href="org/junit/rules/StopwatchTest.html" target="classFrame">SuccessfulTest</a>
			</li>
						<li>
				<a href="org/junit/tests/experimental/theories/runner/SuccessfulWithDataPointFields.html" target="classFrame">SuccessfulWithDataPointFields</a>
			</li>
						<li>
				<a href="org/junit/tests/description/SuiteDescriptionTest.html" target="classFrame">SuiteDescriptionTest</a>
			</li>
						<li>
				<a href="org/junit/tests/junit3compatibility/SuiteMethodTest.html" target="classFrame">SuiteMethodTest</a>
			</li>
						<li>
				<a href="junit/tests/framework/SuiteTest.html" target="classFrame">SuiteTest</a>
			</li>
						<li>
				<a href="org/junit/tests/running/classes/ParentRunnerFilteringTest.html" target="classFrame">SuiteWithUnmodifyableChildList</a>
			</li>
						<li>
				<a href="org/junit/tests/running/methods/InheritedTestTest.html" target="classFrame">Super</a>
			</li>
						<li>
				<a href="org/junit/tests/running/methods/AnnotationTest.html" target="classFrame">SuperInheritance</a>
			</li>
						<li>
				<a href="org/junit/tests/running/methods/AnnotationTest.html" target="classFrame">SuperShadowing</a>
			</li>
						<li>
				<a href="org/junit/tests/running/methods/AnnotationTest.html" target="classFrame">SuperTest</a>
			</li>
						<li>
				<a href="org/junit/tests/running/methods/TestMethodTest.html" target="classFrame">SuperWrong</a>
			</li>
						<li>
				<a href="org/junit/runners/model/TestClassTest.html" target="classFrame">SuperclassWithField</a>
			</li>
						<li>
				<a href="org/junit/tests/experimental/theories/runner/WithParameterSupplier.html" target="classFrame">SupplierWithTestClassConstructor</a>
			</li>
						<li>
				<a href="org/junit/tests/experimental/theories/runner/WithParameterSupplier.html" target="classFrame">SupplierWithTwoConstructors</a>
			</li>
						<li>
				<a href="org/junit/tests/experimental/theories/runner/WithParameterSupplier.html" target="classFrame">SupplierWithUnknownConstructor</a>
			</li>
						<li>
				<a href="org/junit/tests/experimental/max/DescriptionTest.html" target="classFrame">Sweet</a>
			</li>
						<li>
				<a href="org/junit/runner/notification/SynchronizedRunListenerTest.html" target="classFrame">SynchronizedRunListenerTest</a>
			</li>
						<li>
				<a href="org/junit/tests/running/core/SystemExitTest.html" target="classFrame">SystemExitTest</a>
			</li>
						<li>
				<a href="org/junit/tests/running/methods/AnnotationTest.html" target="classFrame">TeardownAfterFailureTest</a>
			</li>
						<li>
				<a href="org/junit/tests/running/methods/AnnotationTest.html" target="classFrame">TeardownFailureTest</a>
			</li>
						<li>
				<a href="org/junit/tests/running/methods/AnnotationTest.html" target="classFrame">TeardownTest</a>
			</li>
						<li>
				<a href="org/junit/tests/experimental/rules/TempFolderRuleTest.html" target="classFrame">TempFolderRuleTest</a>
			</li>
						<li>
				<a href="org/junit/tests/experimental/rules/TemporaryFolderUsageTest.html" target="classFrame">TemporaryFolderUsageTest</a>
			</li>
						<li>
				<a href="org/junit/tests/running/classes/UseSuiteAsASuperclassTest.html" target="classFrame">TestA</a>
			</li>
						<li>
				<a href="org/junit/tests/running/methods/AnnotationTest.html" target="classFrame">TestAndTeardownFailureTest</a>
			</li>
						<li>
				<a href="org/junit/tests/running/classes/UseSuiteAsASuperclassTest.html" target="classFrame">TestB</a>
			</li>
						<li>
				<a href="junit/tests/framework/TestCaseTest.html" target="classFrame">TestCaseTest</a>
			</li>
						<li>
				<a href="org/junit/tests/manipulation/SortableTest.html" target="classFrame">TestClassRunnerIsSortable</a>
			</li>
						<li>
				<a href="org/junit/tests/manipulation/SortableTest.html" target="classFrame">TestClassRunnerIsSortableWithSuiteMethod</a>
			</li>
						<li>
				<a href="org/junit/runners/model/TestClassTest.html" target="classFrame">TestClassTest</a>
			</li>
						<li>
				<a href="org/junit/tests/experimental/theories/runner/WithParameterSupplier.html" target="classFrame">TestClassUsingParameterSupplier</a>
			</li>
						<li>
				<a href="org/junit/tests/experimental/theories/runner/WithParameterSupplier.html" target="classFrame">TestClassUsingSupplierWithTestClassConstructor</a>
			</li>
						<li>
				<a href="org/junit/tests/experimental/theories/runner/WithParameterSupplier.html" target="classFrame">TestClassUsingSupplierWithTwoConstructors</a>
			</li>
						<li>
				<a href="org/junit/tests/experimental/theories/runner/WithParameterSupplier.html" target="classFrame">TestClassUsingSupplierWithUnknownConstructor</a>
			</li>
						<li>
				<a href="org/junit/tests/experimental/theories/internal/SpecificDataPointsSupplierTest.html" target="classFrame">TestClassWithNamedDataPoints</a>
			</li>
						<li>
				<a href="org/junit/tests/description/TestDescriptionMethodNameTest.html" target="classFrame">TestDescriptionMethodNameTest</a>
			</li>
						<li>
				<a href="org/junit/tests/description/TestDescriptionTest.html" target="classFrame">TestDescriptionTest</a>
			</li>
						<li>
				<a href="junit/tests/framework/TestImplementorTest.html" target="classFrame">TestImplementorTest</a>
			</li>
						<li>
				<a href="org/junit/runner/FilterOptionIntegrationTest.html" target="classFrame">TestListener</a>
			</li>
						<li>
				<a href="junit/tests/framework/TestListenerTest.html" target="classFrame">TestListenerTest</a>
			</li>
						<li>
				<a href="org/junit/tests/running/methods/TestMethodTest.html" target="classFrame">TestMethodTest</a>
			</li>
						<li>
				<a href="org/junit/tests/experimental/rules/RuleMemberValidatorTest.html" target="classFrame">TestMethodWithNonStaticTestRule</a>
			</li>
						<li>
				<a href="org/junit/tests/experimental/rules/RuleMemberValidatorTest.html" target="classFrame">TestMethodWithStaticMethodRule</a>
			</li>
						<li>
				<a href="org/junit/tests/experimental/rules/RuleMemberValidatorTest.html" target="classFrame">TestMethodWithStaticTestRule</a>
			</li>
						<li>
				<a href="org/junit/tests/experimental/rules/NameRulesTest.html" target="classFrame">TestNames</a>
			</li>
						<li>
				<a href="org/junit/tests/manipulation/SingleMethodTest.html" target="classFrame">TestOne</a>
			</li>
						<li>
				<a href="junit/tests/runner/TextFeedbackTest.html" target="classFrame">TestResultPrinter</a>
			</li>
						<li>
				<a href="org/junit/tests/experimental/rules/TestRuleTest.html" target="classFrame">TestRuleTest</a>
			</li>
						<li>
				<a href="org/junit/tests/internal/runners/statements/FailOnTimeoutTest.html" target="classFrame">TestStatement</a>
			</li>
						<li>
				<a href="org/junit/rules/StopwatchTest.html" target="classFrame">TestStatus</a>
			</li>
						<li>
				<a href="org/junit/tests/experimental/categories/CategoryTest.html" target="classFrame">TestSuiteWithNoCategories</a>
			</li>
						<li>
				<a href="org/junit/tests/TestSystem.html" target="classFrame">TestSystem</a>
			</li>
						<li>
				<a href="org/junit/tests/running/classes/ParentRunnerTest.html" target="classFrame">TestTest</a>
			</li>
						<li>
				<a href="org/junit/tests/manipulation/SingleMethodTest.html" target="classFrame">TestTwo</a>
			</li>
						<li>
				<a href="org/junit/tests/experimental/rules/TestWatcherTest.html" target="classFrame">TestWatcherFailedAndFinishedThrowsExceptionTest</a>
			</li>
						<li>
				<a href="org/junit/tests/experimental/rules/TestWatcherTest.html" target="classFrame">TestWatcherFailedThrowsExceptionTest</a>
			</li>
						<li>
				<a href="org/junit/tests/experimental/rules/TestWatcherTest.html" target="classFrame">TestWatcherSkippedThrowsExceptionTest</a>
			</li>
						<li>
				<a href="org/junit/tests/experimental/rules/TestWatcherTest.html" target="classFrame">TestWatcherStartingThrowsExceptionTest</a>
			</li>
						<li>
				<a href="org/junit/tests/experimental/rules/TestWatcherTest.html" target="classFrame">TestWatcherTest</a>
			</li>
						<li>
				<a href="org/junit/tests/experimental/rules/TestWatchmanTest.html" target="classFrame">TestWatchmanTest</a>
			</li>
						<li>
				<a href="org/junit/tests/experimental/rules/RuleMemberValidatorTest.html" target="classFrame">TestWithArbitraryObjectWithRuleAnnotation</a>
			</li>
						<li>
				<a href="org/junit/tests/experimental/rules/RuleMemberValidatorTest.html" target="classFrame">TestWithMethodRule</a>
			</li>
						<li>
				<a href="org/junit/tests/experimental/rules/RuleMemberValidatorTest.html" target="classFrame">TestWithNonStaticClassRule</a>
			</li>
						<li>
				<a href="org/junit/tests/experimental/rules/RuleMemberValidatorTest.html" target="classFrame">TestWithNonStaticTestRule</a>
			</li>
						<li>
				<a href="org/junit/runners/parameterized/TestWithParametersTest.html" target="classFrame">TestWithParametersTest</a>
			</li>
						<li>
				<a href="org/junit/tests/experimental/rules/RuleMemberValidatorTest.html" target="classFrame">TestWithProtectedClassRule</a>
			</li>
						<li>
				<a href="org/junit/tests/experimental/rules/RuleMemberValidatorTest.html" target="classFrame">TestWithStaticClassAndTestRule</a>
			</li>
						<li>
				<a href="org/junit/tests/experimental/rules/RuleMemberValidatorTest.html" target="classFrame">TestWithStaticMethodRule</a>
			</li>
						<li>
				<a href="org/junit/tests/experimental/rules/RuleMemberValidatorTest.html" target="classFrame">TestWithStaticTestRule</a>
			</li>
						<li>
				<a href="org/junit/tests/running/classes/ParameterizedTestTest.html" target="classFrame">TestWithUseParametersRunnerFactoryAnnotation</a>
			</li>
						<li>
				<a href="org/junit/tests/experimental/theories/TestedOnSupplierTest.html" target="classFrame">TestedOnSupplierTest</a>
			</li>
						<li>
				<a href="junit/tests/runner/TextFeedbackTest.html" target="classFrame">TextFeedbackTest</a>
			</li>
						<li>
				<a href="org/junit/tests/listening/TextListenerTest.html" target="classFrame">TextListenerTest</a>
			</li>
						<li>
				<a href="junit/tests/runner/TextRunnerSingleMethodTest.html" target="classFrame">TextRunnerSingleMethodTest</a>
			</li>
						<li>
				<a href="junit/tests/runner/TextRunnerTest.html" target="classFrame">TextRunnerTest</a>
			</li>
						<li>
				<a href="org/junit/tests/experimental/theories/runner/UnsuccessfulWithDataPointFields.html" target="classFrame">TheoriesMustBePublic</a>
			</li>
						<li>
				<a href="org/junit/tests/experimental/theories/runner/TheoriesPerformanceTest.html" target="classFrame">TheoriesPerformanceTest</a>
			</li>
						<li>
				<a href="org/junit/tests/experimental/theories/runner/WithAutoGeneratedDataPoints.html" target="classFrame">TheoryTestClassWithAutogeneratedParameterValues</a>
			</li>
						<li>
				<a href="org/junit/tests/experimental/theories/runner/WithAutoGeneratedDataPoints.html" target="classFrame">TheoryTestClassWithSpecificBooleanDataPoint</a>
			</li>
						<li>
				<a href="org/junit/tests/experimental/theories/runner/WithAutoGeneratedDataPoints.html" target="classFrame">TheoryTestClassWithSpecificEnumDataPoint</a>
			</li>
						<li>
				<a href="org/junit/tests/experimental/theories/TheoryTestUtils.html" target="classFrame">TheoryTestUtils</a>
			</li>
						<li>
				<a href="org/junit/tests/experimental/theories/AssumingInTheoriesTest.html" target="classFrame">TheoryWithNoUnassumedParameters</a>
			</li>
						<li>
				<a href="org/junit/runner/notification/RunNotifierTest.html" target="classFrame">ThreadSafeListener</a>
			</li>
						<li>
				<a href="org/junit/tests/running/methods/TimeoutTest.html" target="classFrame">ThreadTest</a>
			</li>
						<li>
				<a href="junit/tests/framework/ThreeTestCases.html" target="classFrame">ThreeTestCases</a>
			</li>
						<li>
				<a href="org/junit/tests/experimental/rules/ExpectedExceptionTest.html" target="classFrame">ThrowExceptionWithExpectedPartOfMessage</a>
			</li>
						<li>
				<a href="org/junit/tests/experimental/rules/ExpectedExceptionTest.html" target="classFrame">ThrowExceptionWithExpectedType</a>
			</li>
						<li>
				<a href="org/junit/tests/experimental/rules/ExpectedExceptionTest.html" target="classFrame">ThrowExceptionWithMatchingCause</a>
			</li>
						<li>
				<a href="org/junit/tests/experimental/rules/ExpectedExceptionTest.html" target="classFrame">ThrowExceptionWithWrongType</a>
			</li>
						<li>
				<a href="org/junit/tests/experimental/rules/ExpectedExceptionTest.html" target="classFrame">ThrowExpectedNullCause</a>
			</li>
						<li>
				<a href="org/junit/tests/experimental/rules/ExpectedExceptionTest.html" target="classFrame">ThrowNoExceptionButExpectExceptionWithType</a>
			</li>
						<li>
				<a href="org/junit/tests/experimental/rules/ExpectedExceptionTest.html" target="classFrame">ThrowUnexpectedCause</a>
			</li>
						<li>
				<a href="org/junit/tests/listening/TextListenerTest.html" target="classFrame">Time</a>
			</li>
						<li>
				<a href="org/junit/tests/running/methods/TimeoutTest.html" target="classFrame">TimeOutZero</a>
			</li>
						<li>
				<a href="org/junit/tests/running/methods/TimeoutTest.html" target="classFrame">TimeoutFailureTest</a>
			</li>
						<li>
				<a href="org/junit/tests/experimental/rules/TimeoutRuleTest.html" target="classFrame">TimeoutRuleTest</a>
			</li>
						<li>
				<a href="org/junit/tests/running/methods/TimeoutTest.html" target="classFrame">TimeoutTest</a>
			</li>
						<li>
				<a href="org/junit/tests/experimental/categories/CategoriesAndParameterizedTest.html" target="classFrame">Token</a>
			</li>
						<li>
				<a href="junit/tests/framework/TestCaseTest.html" target="classFrame">TornDown</a>
			</li>
						<li>
				<a href="org/junit/runners/model/TestClassTest.html" target="classFrame">TwoConstructors</a>
			</li>
						<li>
				<a href="org/junit/tests/experimental/max/MaxStarterTest.html" target="classFrame">TwoOldTests</a>
			</li>
						<li>
				<a href="org/junit/tests/running/methods/AnnotationTest.html" target="classFrame">TwoTests</a>
			</li>
						<li>
				<a href="org/junit/tests/experimental/max/MaxStarterTest.html" target="classFrame">TwoUnEqualTests</a>
			</li>
						<li>
				<a href="org/junit/tests/experimental/theories/runner/TypeMatchingBetweenMultiDataPointsMethod.html" target="classFrame">TypeMatchingBetweenMultiDataPointsMethod</a>
			</li>
						<li>
				<a href="org/junit/tests/experimental/theories/runner/WithUnresolvedGenericTypeVariablesOnTheoryParms.html" target="classFrame">TypeVariableOnArrayTypeOnTheoryParm</a>
			</li>
						<li>
				<a href="org/junit/tests/experimental/theories/runner/WithUnresolvedGenericTypeVariablesOnTheoryParms.html" target="classFrame">TypeVariableOnComponentOfArrayTypeOnTheoryParm</a>
			</li>
						<li>
				<a href="org/junit/tests/experimental/theories/runner/WithUnresolvedGenericTypeVariablesOnTheoryParms.html" target="classFrame">TypeVariableOnParameterizedTheoryParm</a>
			</li>
						<li>
				<a href="org/junit/tests/experimental/theories/runner/WithUnresolvedGenericTypeVariablesOnTheoryParms.html" target="classFrame">TypeVariableOnTheoryClass</a>
			</li>
						<li>
				<a href="org/junit/tests/experimental/theories/runner/WithUnresolvedGenericTypeVariablesOnTheoryParms.html" target="classFrame">TypeVariableOnTheoryOnly</a>
			</li>
						<li>
				<a href="org/junit/tests/experimental/theories/runner/WithUnresolvedGenericTypeVariablesOnTheoryParms.html" target="classFrame">TypeVariableOnTheoryParm</a>
			</li>
						<li>
				<a href="org/junit/tests/experimental/theories/runner/WithUnresolvedGenericTypeVariablesOnTheoryParms.html" target="classFrame">TypeVariableOnWildcardLowerBoundOnTheoryParm</a>
			</li>
						<li>
				<a href="org/junit/tests/experimental/theories/runner/WithUnresolvedGenericTypeVariablesOnTheoryParms.html" target="classFrame">TypeVariableOnWildcardUpperBoundOnTheoryParm</a>
			</li>
						<li>
				<a href="org/junit/tests/experimental/theories/runner/WithUnresolvedGenericTypeVariablesOnTheoryParms.html" target="classFrame">TypeVariablesAbound</a>
			</li>
						<li>
				<a href="org/junit/tests/experimental/max/DescriptionTest.html" target="classFrame">URLClassLoader2</a>
			</li>
						<li>
				<a href="org/junit/tests/junit3compatibility/ForwardCompatibilityTest.html" target="classFrame">UnExpectedExceptionTest</a>
			</li>
						<li>
				<a href="org/junit/tests/running/methods/ExpectedTest.html" target="classFrame">Unexpected</a>
			</li>
						<li>
				<a href="org/junit/tests/manipulation/SortableTest.html" target="classFrame">Unsortable</a>
			</li>
						<li>
				<a href="org/junit/tests/manipulation/SortableTest.html" target="classFrame">UnsortableRunner</a>
			</li>
						<li>
				<a href="org/junit/tests/manipulation/SortableTest.html" target="classFrame">UnsortableRunnersAreHandledWithoutCrashing</a>
			</li>
						<li>
				<a href="org/junit/tests/experimental/theories/runner/UnsuccessfulWithDataPointFields.html" target="classFrame">UnsuccessfulWithDataPointFields</a>
			</li>
						<li>
				<a href="org/junit/tests/experimental/theories/runner/TheoriesPerformanceTest.html" target="classFrame">UpToTen</a>
			</li>
						<li>
				<a href="org/junit/tests/experimental/rules/ExpectedExceptionTest.html" target="classFrame">UseCustomMessageWithPlaceHolder</a>
			</li>
						<li>
				<a href="org/junit/tests/experimental/rules/ExpectedExceptionTest.html" target="classFrame">UseCustomMessageWithoutPlaceHolder</a>
			</li>
						<li>
				<a href="org/junit/tests/experimental/rules/ExpectedExceptionTest.html" target="classFrame">UseNoCustomMessage</a>
			</li>
						<li>
				<a href="org/junit/tests/running/classes/ParameterizedTestTest.html" target="classFrame">UseParameterizedFactoryAbstractTest</a>
			</li>
						<li>
				<a href="org/junit/tests/running/classes/ParameterizedTestTest.html" target="classFrame">UseParameterizedFactoryTest</a>
			</li>
						<li>
				<a href="org/junit/tests/experimental/rules/RuleChainTest.html" target="classFrame">UseRuleChain</a>
			</li>
						<li>
				<a href="org/junit/tests/running/classes/UseSuiteAsASuperclassTest.html" target="classFrame">UseSuiteAsASuperclassTest</a>
			</li>
						<li>
				<a href="org/junit/tests/listening/UserStopTest.html" target="classFrame">UserStopTest</a>
			</li>
						<li>
				<a href="org/junit/tests/experimental/rules/MethodRulesTest.html" target="classFrame">UsesCustomMethodRule</a>
			</li>
						<li>
				<a href="org/junit/tests/experimental/rules/VerifierRuleTest.html" target="classFrame">UsesErrorCollector</a>
			</li>
						<li>
				<a href="org/junit/tests/experimental/rules/VerifierRuleTest.html" target="classFrame">UsesErrorCollectorCheckSucceeds</a>
			</li>
						<li>
				<a href="org/junit/tests/experimental/rules/VerifierRuleTest.html" target="classFrame">UsesErrorCollectorCheckSucceedsPasses</a>
			</li>
						<li>
				<a href="org/junit/tests/experimental/rules/VerifierRuleTest.html" target="classFrame">UsesErrorCollectorCheckThat</a>
			</li>
						<li>
				<a href="org/junit/tests/experimental/rules/VerifierRuleTest.html" target="classFrame">UsesErrorCollectorTwice</a>
			</li>
						<li>
				<a href="org/junit/tests/experimental/rules/ExternalResourceRuleTest.html" target="classFrame">UsesExternalResource</a>
			</li>
						<li>
				<a href="org/junit/tests/experimental/rules/TestRuleTest.html" target="classFrame">UsesFieldAndMethodRule</a>
			</li>
						<li>
				<a href="org/junit/tests/experimental/rules/VerifierRuleTest.html" target="classFrame">UsesVerifier</a>
			</li>
						<li>
				<a href="org/junit/tests/validation/ValidationTest.html" target="classFrame">ValidationTest</a>
			</li>
						<li>
				<a href="org/junit/validator/AnnotationValidatorFactoryTest.html" target="classFrame">Validator</a>
			</li>
						<li>
				<a href="org/junit/validator/AnnotationValidatorFactoryTest.html" target="classFrame">ValidatorThatThrowsException</a>
			</li>
						<li>
				<a href="org/junit/validator/AnnotationValidatorFactoryTest.html" target="classFrame">ValidatorWithNullValue</a>
			</li>
						<li>
				<a href="org/junit/tests/description/AnnotatedDescriptionTest.html" target="classFrame">ValueAnnotatedClass</a>
			</li>
						<li>
				<a href="org/junit/tests/description/AnnotatedDescriptionTest.html" target="classFrame">ValuedAnnotation</a>
			</li>
						<li>
				<a href="org/junit/tests/experimental/categories/CategoriesAndParameterizedTest.html" target="classFrame">VanillaCategorizedJUnitTest</a>
			</li>
						<li>
				<a href="org/junit/tests/experimental/rules/VerifierRuleTest.html" target="classFrame">VerifierRuleTest</a>
			</li>
						<li>
				<a href="org/junit/tests/experimental/categories/CategoryTest.html" target="classFrame">VerySlowTests</a>
			</li>
						<li>
				<a href="org/junit/tests/experimental/rules/TestWatcherTest.html" target="classFrame">ViolatedAssumptionTest</a>
			</li>
						<li>
				<a href="org/junit/tests/experimental/categories/MultiCategoryTest.html" target="classFrame">W</a>
			</li>
						<li>
				<a href="junit/tests/WasRun.html" target="classFrame">WasRun</a>
			</li>
						<li>
				<a href="org/junit/tests/experimental/rules/MethodRulesTest.html" target="classFrame">WatchmanTest</a>
			</li>
						<li>
				<a href="org/junit/tests/experimental/categories/CategoriesAndParameterizedTest.html" target="classFrame">WellBehavedParameterizedTest</a>
			</li>
						<li>
				<a href="org/junit/tests/experimental/theories/runner/WhenNoParametersMatch.html" target="classFrame">WhenNoParametersMatch</a>
			</li>
						<li>
				<a href="org/junit/tests/running/methods/TimeoutTest.html" target="classFrame">WillTimeOut</a>
			</li>
						<li>
				<a href="org/junit/tests/experimental/theories/runner/WithAutoGeneratedDataPoints.html" target="classFrame">WithAutoGeneratedDataPoints</a>
			</li>
						<li>
				<a href="org/junit/tests/experimental/theories/runner/TypeMatchingBetweenMultiDataPointsMethod.html" target="classFrame">WithCorrectlyTypedDataPointsMethod</a>
			</li>
						<li>
				<a href="org/junit/tests/experimental/theories/runner/WithDataPointMethod.html" target="classFrame">WithDataPointMethod</a>
			</li>
						<li>
				<a href="org/junit/tests/experimental/theories/runner/WithExtendedParameterSources.html" target="classFrame">WithExtendedParameterSources</a>
			</li>
						<li>
				<a href="org/junit/tests/experimental/theories/runner/WithNamedDataPoints.html" target="classFrame">WithNamedDataPoints</a>
			</li>
						<li>
				<a href="org/junit/tests/experimental/theories/runner/WithOnlyTestAnnotations.html" target="classFrame">WithOnlyTestAnnotations</a>
			</li>
						<li>
				<a href="org/junit/tests/experimental/theories/runner/WithParameterSupplier.html" target="classFrame">WithParameterSupplier</a>
			</li>
						<li>
				<a href="org/junit/tests/experimental/theories/runner/WithUnresolvedGenericTypeVariablesOnTheoryParms.html" target="classFrame">WithUnresolvedGenericTypeVariablesOnTheoryParms</a>
			</li>
						<li>
				<a href="org/junit/tests/experimental/theories/runner/TypeMatchingBetweenMultiDataPointsMethod.html" target="classFrame">WithWrongfullyTypedDataPointsMethod</a>
			</li>
						<li>
				<a href="org/junit/rules/DisableOnDebugTest.html" target="classFrame">WithoutDebugArgumentsTest</a>
			</li>
						<li>
				<a href="org/junit/tests/running/classes/SuiteTest.html" target="classFrame">WithoutDefaultConstructor</a>
			</li>
						<li>
				<a href="org/junit/tests/validation/ValidationTest.html" target="classFrame">WrongBeforeClass</a>
			</li>
						<li>
				<a href="org/junit/tests/experimental/rules/MethodRulesTest.html" target="classFrame">WrongTypedField</a>
			</li>
						<li>
				<a href="org/junit/tests/experimental/rules/ExpectedExceptionTest.html" target="classFrame">WronglyExpectsExceptionMessage</a>
			</li>
						<li>
				<a href="org/junit/tests/experimental/categories/MultiCategoryTest.html" target="classFrame">X</a>
			</li>
						<li>
				<a href="org/junit/tests/experimental/categories/MultiCategoryTest.html" target="classFrame">Y</a>
			</li>
						<li>
				<a href="org/junit/tests/experimental/categories/MultiCategoryTest.html" target="classFrame">Z</a>
			</li>
			      </ul>

    </body>
  </html>
